\BOOKMARK [0][-]{chapter.1}{\376\377\000C\000l\000a\000s\000s\000\040\000I\000n\000d\000e\000x}{}
\BOOKMARK [1][-]{section.1.1}{\376\377\000C\000l\000a\000s\000s\000\040\000H\000i\000e\000r\000a\000r\000c\000h\000y}{chapter.1}
\BOOKMARK [0][-]{chapter.2}{\376\377\000C\000l\000a\000s\000s\000\040\000I\000n\000d\000e\000x}{}
\BOOKMARK [1][-]{section.2.1}{\376\377\000C\000l\000a\000s\000s\000\040\000L\000i\000s\000t}{chapter.2}
\BOOKMARK [0][-]{chapter.3}{\376\377\000F\000i\000l\000e\000\040\000I\000n\000d\000e\000x}{}
\BOOKMARK [1][-]{section.3.1}{\376\377\000F\000i\000l\000e\000\040\000L\000i\000s\000t}{chapter.3}
\BOOKMARK [0][-]{chapter.4}{\376\377\000C\000l\000a\000s\000s\000\040\000D\000o\000c\000u\000m\000e\000n\000t\000a\000t\000i\000o\000n}{}
\BOOKMARK [1][-]{section.4.1}{\376\377\000B\000o\000u\000n\000d\000i\000n\000g\000B\000o\000x\000\040\000S\000t\000r\000u\000c\000t\000\040\000R\000e\000f\000e\000r\000e\000n\000c\000e}{chapter.4}
\BOOKMARK [2][-]{subsection.4.1.1}{\376\377\000M\000e\000m\000b\000e\000r\000\040\000D\000a\000t\000a\000\040\000D\000o\000c\000u\000m\000e\000n\000t\000a\000t\000i\000o\000n}{section.4.1}
\BOOKMARK [3][-]{subsubsection.4.1.1.1}{\376\377\000i\000s\000I\000n\000i\000t}{subsection.4.1.1}
\BOOKMARK [3][-]{subsubsection.4.1.1.2}{\376\377\000x\000\137\000m\000a\000x}{subsection.4.1.1}
\BOOKMARK [3][-]{subsubsection.4.1.1.3}{\376\377\000x\000\137\000m\000i\000n}{subsection.4.1.1}
\BOOKMARK [3][-]{subsubsection.4.1.1.4}{\376\377\000y\000\137\000m\000a\000x}{subsection.4.1.1}
\BOOKMARK [3][-]{subsubsection.4.1.1.5}{\376\377\000y\000\137\000m\000i\000n}{subsection.4.1.1}
\BOOKMARK [3][-]{subsubsection.4.1.1.6}{\376\377\000z\000\137\000m\000a\000x}{subsection.4.1.1}
\BOOKMARK [3][-]{subsubsection.4.1.1.7}{\376\377\000z\000\137\000m\000i\000n}{subsection.4.1.1}
\BOOKMARK [1][-]{section.4.2}{\376\377\000C\000s\000F\000e\000a\000t\000u\000r\000e\000\040\000C\000l\000a\000s\000s\000\040\000R\000e\000f\000e\000r\000e\000n\000c\000e}{chapter.4}
\BOOKMARK [2][-]{subsection.4.2.1}{\376\377\000C\000o\000n\000s\000t\000r\000u\000c\000t\000o\000r\000\040\000\046\000\040\000D\000e\000s\000t\000r\000u\000c\000t\000o\000r\000\040\000D\000o\000c\000u\000m\000e\000n\000t\000a\000t\000i\000o\000n}{section.4.2}
\BOOKMARK [3][-]{subsubsection.4.2.1.1}{\376\377\000C\000s\000F\000e\000a\000t\000u\000r\000e}{subsection.4.2.1}
\BOOKMARK [3][-]{subsubsection.4.2.1.2}{\376\377\000C\000s\000F\000e\000a\000t\000u\000r\000e}{subsection.4.2.1}
\BOOKMARK [2][-]{subsection.4.2.2}{\376\377\000M\000e\000m\000b\000e\000r\000\040\000F\000u\000n\000c\000t\000i\000o\000n\000\040\000D\000o\000c\000u\000m\000e\000n\000t\000a\000t\000i\000o\000n}{section.4.2}
\BOOKMARK [3][-]{subsubsection.4.2.2.1}{\376\377\000g\000e\000t\000D\000i\000s\000t}{subsection.4.2.2}
\BOOKMARK [3][-]{subsubsection.4.2.2.2}{\376\377\000g\000e\000t\000L\000o\000n\000g\000D\000i\000s\000t}{subsection.4.2.2}
\BOOKMARK [2][-]{subsection.4.2.3}{\376\377\000M\000e\000m\000b\000e\000r\000\040\000D\000a\000t\000a\000\040\000D\000o\000c\000u\000m\000e\000n\000t\000a\000t\000i\000o\000n}{section.4.2}
\BOOKMARK [3][-]{subsubsection.4.2.3.1}{\376\377\000h\000i\000s\000t}{subsection.4.2.3}
\BOOKMARK [1][-]{section.4.3}{\376\377\000C\000s\000F\000e\000a\000t\000u\000r\000e\000E\000s\000t\000i\000m\000a\000t\000i\000o\000n\000\040\000C\000l\000a\000s\000s\000\040\000R\000e\000f\000e\000r\000e\000n\000c\000e}{chapter.4}
\BOOKMARK [2][-]{subsection.4.3.1}{\376\377\000C\000o\000n\000s\000t\000r\000u\000c\000t\000o\000r\000\040\000\046\000\040\000D\000e\000s\000t\000r\000u\000c\000t\000o\000r\000\040\000D\000o\000c\000u\000m\000e\000n\000t\000a\000t\000i\000o\000n}{section.4.3}
\BOOKMARK [3][-]{subsubsection.4.3.1.1}{\376\377\000C\000s\000F\000e\000a\000t\000u\000r\000e\000E\000s\000t\000i\000m\000a\000t\000i\000o\000n}{subsection.4.3.1}
\BOOKMARK [3][-]{subsubsection.4.3.1.2}{\376\377\000C\000s\000F\000e\000a\000t\000u\000r\000e\000E\000s\000t\000i\000m\000a\000t\000i\000o\000n}{subsection.4.3.1}
\BOOKMARK [2][-]{subsection.4.3.2}{\376\377\000M\000e\000m\000b\000e\000r\000\040\000F\000u\000n\000c\000t\000i\000o\000n\000\040\000D\000o\000c\000u\000m\000e\000n\000t\000a\000t\000i\000o\000n}{section.4.3}
\BOOKMARK [3][-]{subsubsection.4.3.2.1}{\376\377\000c\000o\000m\000p\000u\000t\000e}{subsection.4.3.2}
\BOOKMARK [3][-]{subsubsection.4.3.2.2}{\376\377\000e\000v\000a\000l\000O\000n\000e\000P\000o\000i\000n\000t}{subsection.4.3.2}
\BOOKMARK [3][-]{subsubsection.4.3.2.3}{\376\377\000i\000n\000i\000t\000B\000o\000x}{subsection.4.3.2}
\BOOKMARK [2][-]{subsection.4.3.3}{\376\377\000M\000e\000m\000b\000e\000r\000\040\000D\000a\000t\000a\000\040\000D\000o\000c\000u\000m\000e\000n\000t\000a\000t\000i\000o\000n}{section.4.3}
\BOOKMARK [3][-]{subsubsection.4.3.3.1}{\376\377\000m\000\137\000b\000o\000x\000M\000a\000x}{subsection.4.3.3}
\BOOKMARK [3][-]{subsubsection.4.3.3.2}{\376\377\000m\000\137\000b\000o\000x\000M\000i\000n}{subsection.4.3.3}
\BOOKMARK [3][-]{subsubsection.4.3.3.3}{\376\377\000m\000\137\000g\000r\000i\000d\000N\000r}{subsection.4.3.3}
\BOOKMARK [3][-]{subsubsection.4.3.3.4}{\376\377\000m\000\137\000g\000r\000i\000d\000s\000i\000z\000e}{subsection.4.3.3}
\BOOKMARK [3][-]{subsubsection.4.3.3.5}{\376\377\000m\000\137\000k\000e\000y\000p\000o\000i\000n\000t\000s}{subsection.4.3.3}
\BOOKMARK [3][-]{subsubsection.4.3.3.6}{\376\377\000m\000\137\000k\000e\000y\000S\000i\000z\000e}{subsection.4.3.3}
\BOOKMARK [3][-]{subsubsection.4.3.3.7}{\376\377\000m\000\137\000x\000N\000r}{subsection.4.3.3}
\BOOKMARK [3][-]{subsubsection.4.3.3.8}{\376\377\000m\000\137\000y\000N\000r}{subsection.4.3.3}
\BOOKMARK [3][-]{subsubsection.4.3.3.9}{\376\377\000m\000\137\000z\000N\000r}{subsection.4.3.3}
\BOOKMARK [3][-]{subsubsection.4.3.3.10}{\376\377\000o\000u\000t\000F}{subsection.4.3.3}
\BOOKMARK [1][-]{section.4.4}{\376\377\000C\000S\000G\000P\000U\000\040\000C\000l\000a\000s\000s\000\040\000R\000e\000f\000e\000r\000e\000n\000c\000e}{chapter.4}
\BOOKMARK [2][-]{subsection.4.4.1}{\376\377\000C\000o\000n\000s\000t\000r\000u\000c\000t\000o\000r\000\040\000\046\000\040\000D\000e\000s\000t\000r\000u\000c\000t\000o\000r\000\040\000D\000o\000c\000u\000m\000e\000n\000t\000a\000t\000i\000o\000n}{section.4.4}
\BOOKMARK [3][-]{subsubsection.4.4.1.1}{\376\377\000C\000S\000G\000P\000U}{subsection.4.4.1}
\BOOKMARK [3][-]{subsubsection.4.4.1.2}{\376\377\000C\000S\000G\000P\000U}{subsection.4.4.1}
\BOOKMARK [3][-]{subsubsection.4.4.1.3}{\376\377\000C\000S\000G\000P\000U}{subsection.4.4.1}
\BOOKMARK [2][-]{subsection.4.4.2}{\376\377\000M\000e\000m\000b\000e\000r\000\040\000F\000u\000n\000c\000t\000i\000o\000n\000\040\000D\000o\000c\000u\000m\000e\000n\000t\000a\000t\000i\000o\000n}{section.4.4}
\BOOKMARK [3][-]{subsubsection.4.4.2.1}{\376\377\000c\000o\000m\000p\000u\000t\000e}{subsection.4.4.2}
\BOOKMARK [2][-]{subsection.4.4.3}{\376\377\000M\000e\000m\000b\000e\000r\000\040\000D\000a\000t\000a\000\040\000D\000o\000c\000u\000m\000e\000n\000t\000a\000t\000i\000o\000n}{section.4.4}
\BOOKMARK [3][-]{subsubsection.4.4.3.1}{\376\377\000a\000a}{subsection.4.4.3}
\BOOKMARK [3][-]{subsubsection.4.4.3.2}{\376\377\000c\000l\000o\000u\000d\000h\000s\000v}{subsection.4.4.3}
\BOOKMARK [3][-]{subsubsection.4.4.3.3}{\376\377\000c\000l\000o\000u\000d\000p\000o\000s}{subsection.4.4.3}
\BOOKMARK [3][-]{subsubsection.4.4.3.4}{\376\377\000c\000l\000o\000u\000d\000S\000i\000z\000e}{subsection.4.4.3}
\BOOKMARK [3][-]{subsubsection.4.4.3.5}{\376\377\000g\000r\000i\000d\000s\000i\000z\000e}{subsection.4.4.3}
\BOOKMARK [3][-]{subsubsection.4.4.3.6}{\376\377\000h\000i\000s\000t\000s\000i\000z\000e}{subsection.4.4.3}
\BOOKMARK [3][-]{subsubsection.4.4.3.7}{\376\377\000m\000a\000x\000P\000t}{subsection.4.4.3}
\BOOKMARK [3][-]{subsubsection.4.4.3.8}{\376\377\000m\000i\000n\000P\000t}{subsection.4.4.3}
\BOOKMARK [3][-]{subsubsection.4.4.3.9}{\376\377\000p\000a\000r\000t\000N\000r}{subsection.4.4.3}
\BOOKMARK [3][-]{subsubsection.4.4.3.10}{\376\377\000p\000a\000r\000t\000p\000o\000s}{subsection.4.4.3}
\BOOKMARK [3][-]{subsubsection.4.4.3.11}{\376\377\000p\000a\000r\000t\000r\000o\000t}{subsection.4.4.3}
\BOOKMARK [3][-]{subsubsection.4.4.3.12}{\376\377\000r\000e\000f\000c\000l\000o\000u\000d}{subsection.4.4.3}
\BOOKMARK [3][-]{subsubsection.4.4.3.13}{\376\377\000r\000e\000f\000c\000l\000o\000u\000d\000S\000i\000z\000e}{subsection.4.4.3}
\BOOKMARK [3][-]{subsubsection.4.4.3.14}{\376\377\000r\000e\000f\000h\000i\000s\000t}{subsection.4.4.3}
\BOOKMARK [3][-]{subsubsection.4.4.3.15}{\376\377\000x\000N\000r}{subsection.4.4.3}
\BOOKMARK [3][-]{subsubsection.4.4.3.16}{\376\377\000y\000N\000r}{subsection.4.4.3}
\BOOKMARK [3][-]{subsubsection.4.4.3.17}{\376\377\000z\000N\000r}{subsection.4.4.3}
\BOOKMARK [1][-]{section.4.5}{\376\377\000P\000C\000O\000b\000j\000e\000c\000t\000:\000:\000E\000d\000g\000e\000\040\000S\000t\000r\000u\000c\000t\000\040\000R\000e\000f\000e\000r\000e\000n\000c\000e}{chapter.4}
\BOOKMARK [2][-]{subsection.4.5.1}{\376\377\000M\000e\000m\000b\000e\000r\000\040\000D\000a\000t\000a\000\040\000D\000o\000c\000u\000m\000e\000n\000t\000a\000t\000i\000o\000n}{section.4.5}
\BOOKMARK [3][-]{subsubsection.4.5.1.1}{\376\377\000u}{subsection.4.5.1}
\BOOKMARK [3][-]{subsubsection.4.5.1.2}{\376\377\000v}{subsection.4.5.1}
\BOOKMARK [3][-]{subsubsection.4.5.1.3}{\376\377\000w\000e\000i\000g\000h\000t}{subsection.4.5.1}
\BOOKMARK [1][-]{section.4.6}{\376\377\000P\000C\000O\000b\000j\000e\000c\000t\000:\000:\000E\000d\000g\000e\000\137\000s\000p\000a\000t\000i\000a\000l\000\040\000S\000t\000r\000u\000c\000t\000\040\000R\000e\000f\000e\000r\000e\000n\000c\000e}{chapter.4}
\BOOKMARK [2][-]{subsection.4.6.1}{\376\377\000M\000e\000m\000b\000e\000r\000\040\000D\000a\000t\000a\000\040\000D\000o\000c\000u\000m\000e\000n\000t\000a\000t\000i\000o\000n}{section.4.6}
\BOOKMARK [3][-]{subsubsection.4.6.1.1}{\376\377\000u}{subsection.4.6.1}
\BOOKMARK [3][-]{subsubsection.4.6.1.2}{\376\377\000v}{subsection.4.6.1}
\BOOKMARK [3][-]{subsubsection.4.6.1.3}{\376\377\000w\000e\000i\000g\000h\000t\000\137\000p\000o\000s}{subsection.4.6.1}
\BOOKMARK [3][-]{subsubsection.4.6.1.4}{\376\377\000w\000e\000i\000g\000h\000t\000\137\000v\000e\000l}{subsection.4.6.1}
\BOOKMARK [1][-]{section.4.7}{\376\377\000F\000a\000l\000s\000e\000O\000b\000j\000e\000c\000t\000s\000\040\000S\000t\000r\000u\000c\000t\000\040\000R\000e\000f\000e\000r\000e\000n\000c\000e}{chapter.4}
\BOOKMARK [2][-]{subsection.4.7.1}{\376\377\000M\000e\000m\000b\000e\000r\000\040\000D\000a\000t\000a\000\040\000D\000o\000c\000u\000m\000e\000n\000t\000a\000t\000i\000o\000n}{section.4.7}
\BOOKMARK [3][-]{subsubsection.4.7.1.1}{\376\377\000c\000h\000i\000l\000d\000s}{subsection.4.7.1}
\BOOKMARK [3][-]{subsubsection.4.7.1.2}{\376\377\000p\000a\000r\000e\000n\000t}{subsection.4.7.1}
\BOOKMARK [1][-]{section.4.8}{\376\377\000F\000r\000a\000m\000e\000\040\000S\000t\000r\000u\000c\000t\000\040\000R\000e\000f\000e\000r\000e\000n\000c\000e}{chapter.4}
\BOOKMARK [2][-]{subsection.4.8.1}{\376\377\000M\000e\000m\000b\000e\000r\000\040\000D\000a\000t\000a\000\040\000D\000o\000c\000u\000m\000e\000n\000t\000a\000t\000i\000o\000n}{section.4.8}
\BOOKMARK [3][-]{subsubsection.4.8.1.1}{\376\377\000t\000i\000m\000e}{subsection.4.8.1}
\BOOKMARK [3][-]{subsubsection.4.8.1.2}{\376\377\000t\000r\000a\000c\000k\000P\000o\000i\000n\000t\000s}{subsection.4.8.1}
\BOOKMARK [1][-]{section.4.9}{\376\377\000T\000r\000a\000c\000k\000<\000\040\000O\000b\000j\000e\000c\000t\000\040\000>\000:\000:\000F\000r\000a\000m\000e\000\040\000S\000t\000r\000u\000c\000t\000\040\000R\000e\000f\000e\000r\000e\000n\000c\000e}{chapter.4}
\BOOKMARK [2][-]{subsection.4.9.1}{\376\377\000M\000e\000m\000b\000e\000r\000\040\000D\000a\000t\000a\000\040\000D\000o\000c\000u\000m\000e\000n\000t\000a\000t\000i\000o\000n}{section.4.9}
\BOOKMARK [3][-]{subsubsection.4.9.1.1}{\376\377\000i\000d}{subsection.4.9.1}
\BOOKMARK [3][-]{subsubsection.4.9.1.2}{\376\377\000o\000b\000j\000e\000c\000t}{subsection.4.9.1}
\BOOKMARK [3][-]{subsubsection.4.9.1.3}{\376\377\000t\000i\000m\000e}{subsection.4.9.1}
\BOOKMARK [1][-]{section.4.10}{\376\377\000G\000a\000u\000s\000\040\000C\000l\000a\000s\000s\000\040\000R\000e\000f\000e\000r\000e\000n\000c\000e}{chapter.4}
\BOOKMARK [2][-]{subsection.4.10.1}{\376\377\000C\000o\000n\000s\000t\000r\000u\000c\000t\000o\000r\000\040\000\046\000\040\000D\000e\000s\000t\000r\000u\000c\000t\000o\000r\000\040\000D\000o\000c\000u\000m\000e\000n\000t\000a\000t\000i\000o\000n}{section.4.10}
\BOOKMARK [3][-]{subsubsection.4.10.1.1}{\376\377\000G\000a\000u\000s}{subsection.4.10.1}
\BOOKMARK [3][-]{subsubsection.4.10.1.2}{\376\377\000G\000a\000u\000s}{subsection.4.10.1}
\BOOKMARK [2][-]{subsection.4.10.2}{\376\377\000M\000e\000m\000b\000e\000r\000\040\000D\000a\000t\000a\000\040\000D\000o\000c\000u\000m\000e\000n\000t\000a\000t\000i\000o\000n}{section.4.10}
\BOOKMARK [3][-]{subsubsection.4.10.2.1}{\376\377\000c\000o\000v\000\137\000i\000n\000v\000e\000r\000s\000e}{subsection.4.10.2}
\BOOKMARK [3][-]{subsubsection.4.10.2.2}{\376\377\000c\000o\000v\000a\000r\000i\000a\000n\000c\000e}{subsection.4.10.2}
\BOOKMARK [3][-]{subsubsection.4.10.2.3}{\376\377\000m\000e\000a\000n}{subsection.4.10.2}
\BOOKMARK [3][-]{subsubsection.4.10.2.4}{\376\377\000p\000o\000i\000n\000t\000s}{subsection.4.10.2}
\BOOKMARK [1][-]{section.4.11}{\376\377\000G\000a\000u\000s\000s\000i\000a\000n\000\040\000C\000l\000a\000s\000s\000\040\000R\000e\000f\000e\000r\000e\000n\000c\000e}{chapter.4}
\BOOKMARK [2][-]{subsection.4.11.1}{\376\377\000C\000o\000n\000s\000t\000r\000u\000c\000t\000o\000r\000\040\000\046\000\040\000D\000e\000s\000t\000r\000u\000c\000t\000o\000r\000\040\000D\000o\000c\000u\000m\000e\000n\000t\000a\000t\000i\000o\000n}{section.4.11}
\BOOKMARK [3][-]{subsubsection.4.11.1.1}{\376\377\000G\000a\000u\000s\000s\000i\000a\000n}{subsection.4.11.1}
\BOOKMARK [3][-]{subsubsection.4.11.1.2}{\376\377\000G\000a\000u\000s\000s\000i\000a\000n}{subsection.4.11.1}
\BOOKMARK [2][-]{subsection.4.11.2}{\376\377\000M\000e\000m\000b\000e\000r\000\040\000F\000u\000n\000c\000t\000i\000o\000n\000\040\000D\000o\000c\000u\000m\000e\000n\000t\000a\000t\000i\000o\000n}{section.4.11}
\BOOKMARK [3][-]{subsubsection.4.11.2.1}{\376\377\000i\000n\000i\000t}{subsection.4.11.2}
\BOOKMARK [3][-]{subsubsection.4.11.2.2}{\376\377\000i\000n\000i\000t\000P\000r\000e\000d\000i\000c\000t\000i\000o\000n}{subsection.4.11.2}
\BOOKMARK [3][-]{subsubsection.4.11.2.3}{\376\377\000q\000u\000a\000t\000e\000r\000n\000i\000o\000n\0002\000r\000o\000t\000a\000t\000i\000o\000n}{subsection.4.11.2}
\BOOKMARK [3][-]{subsubsection.4.11.2.4}{\376\377\000q\000u\000a\000t\000e\000r\000n\000i\000o\000n\0002\000r\000o\000t\000a\000t\000i\000o\000n}{subsection.4.11.2}
\BOOKMARK [3][-]{subsubsection.4.11.2.5}{\376\377\000u\000p\000d\000a\000t\000e\000P\000a\000r\000a\000m}{subsection.4.11.2}
\BOOKMARK [2][-]{subsection.4.11.3}{\376\377\000M\000e\000m\000b\000e\000r\000\040\000D\000a\000t\000a\000\040\000D\000o\000c\000u\000m\000e\000n\000t\000a\000t\000i\000o\000n}{section.4.11}
\BOOKMARK [3][-]{subsubsection.4.11.3.1}{\376\377\000c\000o\000v\000\137\000d\000e\000t\000e\000r\000m\000i\000n\000a\000n\000t}{subsection.4.11.3}
\BOOKMARK [3][-]{subsubsection.4.11.3.2}{\376\377\000c\000o\000v\000\137\000i\000n\000v\000e\000r\000s\000e}{subsection.4.11.3}
\BOOKMARK [3][-]{subsubsection.4.11.3.3}{\376\377\000c\000o\000v\000a\000r\000i\000a\000n\000c\000e}{subsection.4.11.3}
\BOOKMARK [3][-]{subsubsection.4.11.3.4}{\376\377\000d\000i\000m}{subsection.4.11.3}
\BOOKMARK [3][-]{subsubsection.4.11.3.5}{\376\377\000e\000i\000g\000e\000n\000v\000a\000l\000u\000e\000s}{subsection.4.11.3}
\BOOKMARK [3][-]{subsubsection.4.11.3.6}{\376\377\000e\000i\000g\000e\000n\000v\000e\000c\000t\000o\000r\000s}{subsection.4.11.3}
\BOOKMARK [3][-]{subsubsection.4.11.3.7}{\376\377\000i\000s\000E\000m\000p\000t\000y}{subsection.4.11.3}
\BOOKMARK [3][-]{subsubsection.4.11.3.8}{\376\377\000m\000e\000a\000n}{subsection.4.11.3}
\BOOKMARK [3][-]{subsubsection.4.11.3.9}{\376\377\000n\000P\000o\000i\000n\000t}{subsection.4.11.3}
\BOOKMARK [3][-]{subsubsection.4.11.3.10}{\376\377\000p\000r\000e\000d\000i\000c\000t\000i\000v\000e\000\137\000c\000o\000v\000a\000r\000i\000a\000n\000c\000e}{subsection.4.11.3}
\BOOKMARK [3][-]{subsubsection.4.11.3.11}{\376\377\000p\000r\000e\000d\000i\000c\000t\000i\000v\000e\000\137\000m\000e\000a\000n}{subsection.4.11.3}
\BOOKMARK [3][-]{subsubsection.4.11.3.12}{\376\377\000r\000o\000t\000a\000t\000i\000o\000n}{subsection.4.11.3}
\BOOKMARK [3][-]{subsubsection.4.11.3.13}{\376\377\000t\000r\000a\000n\000s\000l\000a\000t\000i\000o\000n}{subsection.4.11.3}
\BOOKMARK [3][-]{subsubsection.4.11.3.14}{\376\377\000v\000e\000l\000o\000c\000i\000t\000y}{subsection.4.11.3}
\BOOKMARK [3][-]{subsubsection.4.11.3.15}{\376\377\000w\000e\000i\000g\000h\000t}{subsection.4.11.3}
\BOOKMARK [1][-]{section.4.12}{\376\377\000G\000a\000u\000s\000s\000i\000a\000n\000T\000r\000a\000c\000k\000C\000o\000n\000t\000a\000i\000n\000e\000r\000\040\000C\000l\000a\000s\000s\000\040\000R\000e\000f\000e\000r\000e\000n\000c\000e}{chapter.4}
\BOOKMARK [2][-]{subsection.4.12.1}{\376\377\000C\000o\000n\000s\000t\000r\000u\000c\000t\000o\000r\000\040\000\046\000\040\000D\000e\000s\000t\000r\000u\000c\000t\000o\000r\000\040\000D\000o\000c\000u\000m\000e\000n\000t\000a\000t\000i\000o\000n}{section.4.12}
\BOOKMARK [3][-]{subsubsection.4.12.1.1}{\376\377\000G\000a\000u\000s\000s\000i\000a\000n\000T\000r\000a\000c\000k\000C\000o\000n\000t\000a\000i\000n\000e\000r}{subsection.4.12.1}
\BOOKMARK [1][-]{section.4.13}{\376\377\000G\000a\000u\000s\000V\000c\000s\000h\000\040\000C\000l\000a\000s\000s\000\040\000R\000e\000f\000e\000r\000e\000n\000c\000e}{chapter.4}
\BOOKMARK [2][-]{subsection.4.13.1}{\376\377\000M\000e\000m\000b\000e\000r\000\040\000F\000u\000n\000c\000t\000i\000o\000n\000\040\000D\000o\000c\000u\000m\000e\000n\000t\000a\000t\000i\000o\000n}{section.4.13}
\BOOKMARK [3][-]{subsubsection.4.13.1.1}{\376\377\000g\000e\000n\000e\000r\000a\000t\000e}{subsection.4.13.1}
\BOOKMARK [3][-]{subsubsection.4.13.1.2}{\376\377\000g\000e\000t\000D\000i\000s\000t}{subsection.4.13.1}
\BOOKMARK [2][-]{subsection.4.13.2}{\376\377\000M\000e\000m\000b\000e\000r\000\040\000D\000a\000t\000a\000\040\000D\000o\000c\000u\000m\000e\000n\000t\000a\000t\000i\000o\000n}{section.4.13}
\BOOKMARK [3][-]{subsubsection.4.13.2.1}{\376\377\000c\000o\000l\000o\000r}{subsection.4.13.2}
\BOOKMARK [3][-]{subsubsection.4.13.2.2}{\376\377\000p\000o\000i\000n\000t\000s}{subsection.4.13.2}
\BOOKMARK [3][-]{subsubsection.4.13.2.3}{\376\377\000s\000h\000a\000p\000e}{subsection.4.13.2}
\BOOKMARK [1][-]{section.4.14}{\376\377\000I\000M\000F\000T\000<\000\040\000O\000b\000j\000e\000c\000t\000\040\000>\000\040\000C\000l\000a\000s\000s\000\040\000T\000e\000m\000p\000l\000a\000t\000e\000\040\000R\000e\000f\000e\000r\000e\000n\000c\000e}{chapter.4}
\BOOKMARK [2][-]{subsection.4.14.1}{\376\377\000M\000e\000m\000b\000e\000r\000\040\000T\000y\000p\000e\000d\000e\000f\000\040\000D\000o\000c\000u\000m\000e\000n\000t\000a\000t\000i\000o\000n}{section.4.14}
\BOOKMARK [3][-]{subsubsection.4.14.1.1}{\376\377\000f\000u\000n\000c\000W\000e\000i\000g\000h\000t}{subsection.4.14.1}
\BOOKMARK [3][-]{subsubsection.4.14.1.2}{\376\377\000O\000b\000j\000e\000c\000t\000P\000t\000r}{subsection.4.14.1}
\BOOKMARK [3][-]{subsubsection.4.14.1.3}{\376\377\000P\000t\000r}{subsection.4.14.1}
\BOOKMARK [3][-]{subsubsection.4.14.1.4}{\376\377\000T\000r\000a\000c\000k\000C\000o\000n\000t\000a\000i\000n\000e\000r\000T}{subsection.4.14.1}
\BOOKMARK [3][-]{subsubsection.4.14.1.5}{\376\377\000T\000r\000a\000c\000k\000T}{subsection.4.14.1}
\BOOKMARK [3][-]{subsubsection.4.14.1.6}{\376\377\000V}{subsection.4.14.1}
\BOOKMARK [3][-]{subsubsection.4.14.1.7}{\376\377\000V\000e\000c\000O\000b\000j\000e\000c\000t\000P\000t\000r}{subsection.4.14.1}
\BOOKMARK [3][-]{subsubsection.4.14.1.8}{\376\377\000V\000e\000c\000P\000t\000r}{subsection.4.14.1}
\BOOKMARK [3][-]{subsubsection.4.14.1.9}{\376\377\000V\000e\000c\000T\000r\000a\000c\000k}{subsection.4.14.1}
\BOOKMARK [2][-]{subsection.4.14.2}{\376\377\000C\000o\000n\000s\000t\000r\000u\000c\000t\000o\000r\000\040\000\046\000\040\000D\000e\000s\000t\000r\000u\000c\000t\000o\000r\000\040\000D\000o\000c\000u\000m\000e\000n\000t\000a\000t\000i\000o\000n}{section.4.14}
\BOOKMARK [3][-]{subsubsection.4.14.2.1}{\376\377\000I\000M\000F\000T}{subsection.4.14.2}
\BOOKMARK [3][-]{subsubsection.4.14.2.2}{\376\377\000I\000M\000F\000T}{subsection.4.14.2}
\BOOKMARK [2][-]{subsection.4.14.3}{\376\377\000M\000e\000m\000b\000e\000r\000\040\000F\000u\000n\000c\000t\000i\000o\000n\000\040\000D\000o\000c\000u\000m\000e\000n\000t\000a\000t\000i\000o\000n}{section.4.14}
\BOOKMARK [3][-]{subsubsection.4.14.3.1}{\376\377\000a\000d\000d\000T\000o\000D\000G\000r\000a\000p\000h}{subsection.4.14.3}
\BOOKMARK [3][-]{subsubsection.4.14.3.2}{\376\377\000c\000o\000n\000f\000i\000r\000m\000D\000G\000r\000a\000p\000h}{subsection.4.14.3}
\BOOKMARK [3][-]{subsubsection.4.14.3.3}{\376\377\000d\000e\000l\000e\000t\000e\000L\000a\000s\000t\000F\000r\000a\000m\000e}{subsection.4.14.3}
\BOOKMARK [3][-]{subsubsection.4.14.3.4}{\376\377\000e\000x\000t\000e\000n\000s\000i\000o\000n}{subsection.4.14.3}
\BOOKMARK [3][-]{subsubsection.4.14.3.5}{\376\377\000e\000x\000t\000r\000a\000c\000t\000T\000r\000a\000c\000k\000s}{subsection.4.14.3}
\BOOKMARK [3][-]{subsubsection.4.14.3.6}{\376\377\000g\000e\000t\000M\000a\000x\000i\000m\000u\000m\000M\000a\000t\000c\000h\000e\000d\000O\000b\000j\000e\000c\000t}{subsection.4.14.3}
\BOOKMARK [3][-]{subsubsection.4.14.3.7}{\376\377\000g\000e\000t\000M\000a\000x\000i\000m\000u\000m\000M\000a\000t\000c\000h\000e\000d\000T\000r\000a\000c\000k}{subsection.4.14.3}
\BOOKMARK [3][-]{subsubsection.4.14.3.8}{\376\377\000g\000e\000t\000T\000e\000r\000m\000i\000n\000a\000l\000N\000o\000d\000e\000s}{subsection.4.14.3}
\BOOKMARK [3][-]{subsubsection.4.14.3.9}{\376\377\000g\000e\000t\000T\000e\000r\000m\000i\000n\000a\000l\000N\000o\000d\000e\000s\000L\000a\000s\000t\000F\000r\000a\000m\000e}{subsection.4.14.3}
\BOOKMARK [3][-]{subsubsection.4.14.3.10}{\376\377\000g\000e\000t\000U\000n\000m\000a\000t\000c\000h\000e\000d\000O\000b\000j\000e\000c\000t\000s}{subsection.4.14.3}
\BOOKMARK [3][-]{subsubsection.4.14.3.11}{\376\377\000g\000e\000t\000U\000n\000m\000a\000t\000c\000h\000e\000d\000T\000r\000a\000c\000k\000s}{subsection.4.14.3}
\BOOKMARK [3][-]{subsubsection.4.14.3.12}{\376\377\000m\000a\000t\000c\000h\000i\000n\000g}{subsection.4.14.3}
\BOOKMARK [3][-]{subsubsection.4.14.3.13}{\376\377\000m\000o\000v\000i\000n\000g\000W\000i\000n\000d\000o\000w}{subsection.4.14.3}
\BOOKMARK [3][-]{subsubsection.4.14.3.14}{\376\377\000s\000e\000t\000F\000r\000a\000m\000e}{subsection.4.14.3}
\BOOKMARK [3][-]{subsubsection.4.14.3.15}{\376\377\000t\000w\000o\000F\000r\000a\000m\000e\000C\000o\000r\000r\000e\000s\000p\000o\000n\000d\000i\000n\000g}{subsection.4.14.3}
\BOOKMARK [3][-]{subsubsection.4.14.3.16}{\376\377\000u\000p\000d\000a\000t\000e\000T\000r\000a\000c\000k\000s}{subsection.4.14.3}
\BOOKMARK [2][-]{subsection.4.14.4}{\376\377\000M\000e\000m\000b\000e\000r\000\040\000D\000a\000t\000a\000\040\000D\000o\000c\000u\000m\000e\000n\000t\000a\000t\000i\000o\000n}{section.4.14}
\BOOKMARK [3][-]{subsubsection.4.14.4.1}{\376\377\000c\000n\000t}{subsection.4.14.4}
\BOOKMARK [3][-]{subsubsection.4.14.4.2}{\376\377\000m\000\137\000c\000u\000r\000r\000e\000n\000t\000T}{subsection.4.14.4}
\BOOKMARK [3][-]{subsubsection.4.14.4.3}{\376\377\000m\000\137\000g}{subsection.4.14.4}
\BOOKMARK [3][-]{subsubsection.4.14.4.4}{\376\377\000m\000\137\000g\000E\000d\000g\000e\000M\000a\000p}{subsection.4.14.4}
\BOOKMARK [3][-]{subsubsection.4.14.4.5}{\376\377\000m\000\137\000g\000N\000o\000d\000e\000M\000a\000p}{subsection.4.14.4}
\BOOKMARK [3][-]{subsubsection.4.14.4.6}{\376\377\000m\000\137\000i\000s\000D\000e\000b\000u\000g}{subsection.4.14.4}
\BOOKMARK [3][-]{subsubsection.4.14.4.7}{\376\377\000m\000\137\000m\000a\000x\000W\000e\000i\000g\000h\000t}{subsection.4.14.4}
\BOOKMARK [3][-]{subsubsection.4.14.4.8}{\376\377\000m\000\137\000n\000e\000w\000T\000r\000a\000c\000k\000I\000D}{subsection.4.14.4}
\BOOKMARK [3][-]{subsubsection.4.14.4.9}{\376\377\000m\000\137\000v\000e\000c\000O\000l\000d\000E\000d\000g\000e}{subsection.4.14.4}
\BOOKMARK [3][-]{subsubsection.4.14.4.10}{\376\377\000m\000\137\000w\000s\000u\000m}{subsection.4.14.4}
\BOOKMARK [3][-]{subsubsection.4.14.4.11}{\376\377\000m\000a\000x\000I\000D}{subsection.4.14.4}
\BOOKMARK [3][-]{subsubsection.4.14.4.12}{\376\377\000t\000r\000a\000c\000k\000C\000o\000n\000t\000a\000i\000n\000e\000r}{subsection.4.14.4}
\BOOKMARK [3][-]{subsubsection.4.14.4.13}{\376\377\000w\000e\000i\000g\000h\000t}{subsection.4.14.4}
\BOOKMARK [3][-]{subsubsection.4.14.4.14}{\376\377\000w\000e\000i\000g\000h\000t\000\137\000f\000a\000s\000t}{subsection.4.14.4}
\BOOKMARK [3][-]{subsubsection.4.14.4.15}{\376\377\000w\000i\000n\000d\000o\000w\000\137\000l\000o\000n\000g}{subsection.4.14.4}
\BOOKMARK [3][-]{subsubsection.4.14.4.16}{\376\377\000w\000i\000n\000d\000o\000w\000\137\000s\000h\000o\000r\000t}{subsection.4.14.4}
\BOOKMARK [1][-]{section.4.15}{\376\377\000T\000r\000a\000c\000k\000<\000\040\000O\000b\000j\000e\000c\000t\000\040\000>\000:\000:\000N\000o\000d\000e\000\040\000S\000t\000r\000u\000c\000t\000\040\000R\000e\000f\000e\000r\000e\000n\000c\000e}{chapter.4}
\BOOKMARK [2][-]{subsection.4.15.1}{\376\377\000M\000e\000m\000b\000e\000r\000\040\000D\000a\000t\000a\000\040\000D\000o\000c\000u\000m\000e\000n\000t\000a\000t\000i\000o\000n}{section.4.15}
\BOOKMARK [3][-]{subsubsection.4.15.1.1}{\376\377\000f\000r\000a\000m\000e}{subsection.4.15.1}
\BOOKMARK [3][-]{subsubsection.4.15.1.2}{\376\377\000n\000o\000d\000e\000I\000d}{subsection.4.15.1}
\BOOKMARK [3][-]{subsubsection.4.15.1.3}{\376\377\000p\000t\000r}{subsection.4.15.1}
\BOOKMARK [1][-]{section.4.16}{\376\377\000O\000b\000j\000e\000c\000t\000N\000o\000d\000e\000\040\000S\000t\000r\000u\000c\000t\000\040\000R\000e\000f\000e\000r\000e\000n\000c\000e}{chapter.4}
\BOOKMARK [2][-]{subsection.4.16.1}{\376\377\000M\000e\000m\000b\000e\000r\000\040\000D\000a\000t\000a\000\040\000D\000o\000c\000u\000m\000e\000n\000t\000a\000t\000i\000o\000n}{section.4.16}
\BOOKMARK [3][-]{subsubsection.4.16.1.1}{\376\377\000n\000I\000n}{subsection.4.16.1}
\BOOKMARK [3][-]{subsubsection.4.16.1.2}{\376\377\000n\000O\000u\000t}{subsection.4.16.1}
\BOOKMARK [3][-]{subsubsection.4.16.1.3}{\376\377\000o\000b\000j\000e\000c\000t}{subsection.4.16.1}
\BOOKMARK [3][-]{subsubsection.4.16.1.4}{\376\377\000t\000i\000m\000e}{subsection.4.16.1}
\BOOKMARK [3][-]{subsubsection.4.16.1.5}{\376\377\000t\000y\000p\000e}{subsection.4.16.1}
\BOOKMARK [1][-]{section.4.17}{\376\377\000P\000a\000r\000t\000i\000c\000l\000e\000p\000o\000s\000e\000\040\000C\000l\000a\000s\000s\000\040\000R\000e\000f\000e\000r\000e\000n\000c\000e}{chapter.4}
\BOOKMARK [2][-]{subsection.4.17.1}{\376\377\000C\000o\000n\000s\000t\000r\000u\000c\000t\000o\000r\000\040\000\046\000\040\000D\000e\000s\000t\000r\000u\000c\000t\000o\000r\000\040\000D\000o\000c\000u\000m\000e\000n\000t\000a\000t\000i\000o\000n}{section.4.17}
\BOOKMARK [3][-]{subsubsection.4.17.1.1}{\376\377\000P\000a\000r\000t\000i\000c\000l\000e\000p\000o\000s\000e}{subsection.4.17.1}
\BOOKMARK [3][-]{subsubsection.4.17.1.2}{\376\377\000P\000a\000r\000t\000i\000c\000l\000e\000p\000o\000s\000e}{subsection.4.17.1}
\BOOKMARK [2][-]{subsection.4.17.2}{\376\377\000M\000e\000m\000b\000e\000r\000\040\000F\000u\000n\000c\000t\000i\000o\000n\000\040\000D\000o\000c\000u\000m\000e\000n\000t\000a\000t\000i\000o\000n}{section.4.17}
\BOOKMARK [3][-]{subsubsection.4.17.2.1}{\376\377\000d\000i\000s\000t\000f\000e\000a\000t\000u\000r\000e}{subsection.4.17.2}
\BOOKMARK [3][-]{subsubsection.4.17.2.2}{\376\377\000g\000e\000t\000P\000a\000t\000c\000h\000S\000c\000o\000r\000e}{subsection.4.17.2}
\BOOKMARK [3][-]{subsubsection.4.17.2.3}{\376\377\000g\000e\000t\000R\000e\000s\000u\000l\000t}{subsection.4.17.2}
\BOOKMARK [3][-]{subsubsection.4.17.2.4}{\376\377\000i\000n\000i\000t\000S\000a\000m\000p\000l\000e}{subsection.4.17.2}
\BOOKMARK [3][-]{subsubsection.4.17.2.5}{\376\377\000r\000e\000s\000a\000m\000p\000l\000e}{subsection.4.17.2}
\BOOKMARK [3][-]{subsubsection.4.17.2.6}{\376\377\000s\000a\000m\000p\000l\000e\000W\000i\000t\000h\000V\000a\000r}{subsection.4.17.2}
\BOOKMARK [3][-]{subsubsection.4.17.2.7}{\376\377\000s\000e\000t\000d\000a\000t\000a}{subsection.4.17.2}
\BOOKMARK [3][-]{subsubsection.4.17.2.8}{\376\377\000t\000o\000C\000l\000o\000u\000d}{subsection.4.17.2}
\BOOKMARK [3][-]{subsubsection.4.17.2.9}{\376\377\000u\000p\000d\000a\000t\000e\000M\000o\000d\000e\000l}{subsection.4.17.2}
\BOOKMARK [3][-]{subsubsection.4.17.2.10}{\376\377\000w\000e\000i\000g\000h\000t}{subsection.4.17.2}
\BOOKMARK [3][-]{subsubsection.4.17.2.11}{\376\377\000w\000e\000i\000g\000h\000t\000B\000y\000D\000i\000s\000t}{subsection.4.17.2}
\BOOKMARK [3][-]{subsubsection.4.17.2.12}{\376\377\000w\000e\000i\000g\000h\000t\000G\000P\000U}{subsection.4.17.2}
\BOOKMARK [2][-]{subsection.4.17.3}{\376\377\000M\000e\000m\000b\000e\000r\000\040\000D\000a\000t\000a\000\040\000D\000o\000c\000u\000m\000e\000n\000t\000a\000t\000i\000o\000n}{section.4.17}
\BOOKMARK [3][-]{subsubsection.4.17.3.1}{\376\377\000c\000s\000e\000s\000t}{subsection.4.17.3}
\BOOKMARK [3][-]{subsubsection.4.17.3.2}{\376\377\000m\000\137\000a\000c\000c}{subsection.4.17.3}
\BOOKMARK [3][-]{subsubsection.4.17.3.3}{\376\377\000m\000\137\000b\000e\000s\000t\000s\000p\000e\000e\000d}{subsection.4.17.3}
\BOOKMARK [3][-]{subsubsection.4.17.3.4}{\376\377\000m\000\137\000c\000n\000t}{subsection.4.17.3}
\BOOKMARK [3][-]{subsubsection.4.17.3.5}{\376\377\000m\000\137\000f\000i\000n\000a\000l\000P\000a\000r\000t\000i\000c\000l\000e}{subsection.4.17.3}
\BOOKMARK [3][-]{subsubsection.4.17.3.6}{\376\377\000m\000\137\000g\000e\000n}{subsection.4.17.3}
\BOOKMARK [3][-]{subsubsection.4.17.3.7}{\376\377\000m\000\137\000i\000n\000t\000e\000r\000n\000a\000l\000C\000o\000u\000n\000t\000e\000r}{subsection.4.17.3}
\BOOKMARK [3][-]{subsubsection.4.17.3.8}{\376\377\000m\000\137\000k\000d\000t\000r\000e\000e\000S\000c\000e\000n\000e\000N}{subsection.4.17.3}
\BOOKMARK [3][-]{subsubsection.4.17.3.9}{\376\377\000m\000\137\000l\000a\000s\000t\000F\000i\000n\000a\000l\000P\000a\000r\000t\000i\000c\000l\000e}{subsection.4.17.3}
\BOOKMARK [3][-]{subsubsection.4.17.3.10}{\376\377\000m\000\137\000l\000a\000s\000t\000l\000a\000s\000t\000F\000i\000n\000a\000l\000P\000a\000r\000t\000i\000c\000l\000e}{subsection.4.17.3}
\BOOKMARK [3][-]{subsubsection.4.17.3.11}{\376\377\000m\000\137\000l\000a\000s\000t\000l\000a\000s\000t\000l\000a\000s\000t\000F\000i\000n\000a\000l\000P\000a\000r\000t\000i\000c\000l\000e}{subsection.4.17.3}
\BOOKMARK [3][-]{subsubsection.4.17.3.12}{\376\377\000m\000\137\000l\000a\000s\000t\000s\000p\000e\000e\000d}{subsection.4.17.3}
\BOOKMARK [3][-]{subsubsection.4.17.3.13}{\376\377\000m\000\137\000m\000o\000d\000e\000l}{subsection.4.17.3}
\BOOKMARK [3][-]{subsubsection.4.17.3.14}{\376\377\000m\000\137\000m\000o\000d\000e\000l\000C\000e\000n\000t\000r\000o\000i\000d}{subsection.4.17.3}
\BOOKMARK [3][-]{subsubsection.4.17.3.15}{\376\377\000m\000\137\000m\000o\000d\000e\000l\000F}{subsection.4.17.3}
\BOOKMARK [3][-]{subsubsection.4.17.3.16}{\376\377\000m\000\137\000m\000o\000d\000e\000l\000N}{subsection.4.17.3}
\BOOKMARK [3][-]{subsubsection.4.17.3.17}{\376\377\000m\000\137\000m\000o\000d\000e\000l\000O\000r\000i\000g}{subsection.4.17.3}
\BOOKMARK [3][-]{subsubsection.4.17.3.18}{\376\377\000m\000\137\000o\000c\000t\000r\000e\000e\000g\000p\000u}{subsection.4.17.3}
\BOOKMARK [3][-]{subsubsection.4.17.3.19}{\376\377\000m\000\137\000p\000a\000r\000t\000i\000c\000l\000e\000n\000u\000m}{subsection.4.17.3}
\BOOKMARK [3][-]{subsubsection.4.17.3.20}{\376\377\000m\000\137\000p\000a\000r\000t\000i\000c\000l\000e\000s}{subsection.4.17.3}
\BOOKMARK [3][-]{subsubsection.4.17.3.21}{\376\377\000m\000\137\000s\000c\000e\000n\000e}{subsection.4.17.3}
\BOOKMARK [3][-]{subsubsection.4.17.3.22}{\376\377\000m\000\137\000s\000c\000e\000n\000e\000C\000e\000n\000t\000r\000o\000i\000d}{subsection.4.17.3}
\BOOKMARK [3][-]{subsubsection.4.17.3.23}{\376\377\000m\000\137\000s\000c\000e\000n\000e\000N}{subsection.4.17.3}
\BOOKMARK [3][-]{subsubsection.4.17.3.24}{\376\377\000m\000\137\000v\000e\000l}{subsection.4.17.3}
\BOOKMARK [3][-]{subsubsection.4.17.3.25}{\376\377\000m\000a\000x\000D\000i\000s\000t}{subsection.4.17.3}
\BOOKMARK [3][-]{subsubsection.4.17.3.26}{\376\377\000m\000i\000n\000D\000i\000s\000t}{subsection.4.17.3}
\BOOKMARK [3][-]{subsubsection.4.17.3.27}{\376\377\000u\000s\000e\000g\000p\000u}{subsection.4.17.3}
\BOOKMARK [1][-]{section.4.18}{\376\377\000P\000C\000O\000b\000j\000e\000c\000t\000\040\000C\000l\000a\000s\000s\000\040\000R\000e\000f\000e\000r\000e\000n\000c\000e}{chapter.4}
\BOOKMARK [2][-]{subsection.4.18.1}{\376\377\000M\000e\000m\000b\000e\000r\000\040\000T\000y\000p\000e\000d\000e\000f\000\040\000D\000o\000c\000u\000m\000e\000n\000t\000a\000t\000i\000o\000n}{section.4.18}
\BOOKMARK [3][-]{subsubsection.4.18.1.1}{\376\377\000f\000u\000n\000c\000W\000e\000i\000g\000h\000t\000G\000a\000u\000s\000s\000i\000a\000n}{subsection.4.18.1}
\BOOKMARK [2][-]{subsection.4.18.2}{\376\377\000C\000o\000n\000s\000t\000r\000u\000c\000t\000o\000r\000\040\000\046\000\040\000D\000e\000s\000t\000r\000u\000c\000t\000o\000r\000\040\000D\000o\000c\000u\000m\000e\000n\000t\000a\000t\000i\000o\000n}{section.4.18}
\BOOKMARK [3][-]{subsubsection.4.18.2.1}{\376\377\000P\000C\000O\000b\000j\000e\000c\000t}{subsection.4.18.2}
\BOOKMARK [3][-]{subsubsection.4.18.2.2}{\376\377\000P\000C\000O\000b\000j\000e\000c\000t}{subsection.4.18.2}
\BOOKMARK [3][-]{subsubsection.4.18.2.3}{\376\377\000P\000C\000O\000b\000j\000e\000c\000t}{subsection.4.18.2}
\BOOKMARK [2][-]{subsection.4.18.3}{\376\377\000M\000e\000m\000b\000e\000r\000\040\000F\000u\000n\000c\000t\000i\000o\000n\000\040\000D\000o\000c\000u\000m\000e\000n\000t\000a\000t\000i\000o\000n}{section.4.18}
\BOOKMARK [3][-]{subsubsection.4.18.3.1}{\376\377\000c\000a\000l\000c\000u\000l\000a\000t\000e\000V\000e\000l\000o\000c\000i\000t\000y}{subsection.4.18.3}
\BOOKMARK [3][-]{subsubsection.4.18.3.2}{\376\377\000c\000o\000m\000p\000o\000n\000e\000n\000t\000G\000r\000a\000p\000h}{subsection.4.18.3}
\BOOKMARK [3][-]{subsubsection.4.18.3.3}{\376\377\000e\000v\000a\000l\000C\000l\000o\000s\000e\000s\000t\000G\000M\000M}{subsection.4.18.3}
\BOOKMARK [3][-]{subsubsection.4.18.3.4}{\376\377\000e\000v\000a\000l\000C\000l\000o\000s\000e\000s\000t\000N\000o\000r\000m\000e\000d\000G\000M\000M}{subsection.4.18.3}
\BOOKMARK [3][-]{subsubsection.4.18.3.5}{\376\377\000e\000v\000a\000l\000G\000M\000M}{subsection.4.18.3}
\BOOKMARK [3][-]{subsubsection.4.18.3.6}{\376\377\000e\000v\000a\000l\000N\000o\000r\000m\000e\000d\000G\000M\000M}{subsection.4.18.3}
\BOOKMARK [3][-]{subsubsection.4.18.3.7}{\376\377\000f\000i\000l\000t\000e\000r\000i\000n\000g\000G\000M\000M\000\137\000E\000M}{subsection.4.18.3}
\BOOKMARK [3][-]{subsubsection.4.18.3.8}{\376\377\000f\000i\000l\000t\000e\000r\000i\000n\000g\000G\000M\000M\000\137\000i\000n\000c\000r\000e\000m\000e\000n\000t\000a\000l\000E\000M}{subsection.4.18.3}
\BOOKMARK [3][-]{subsubsection.4.18.3.9}{\376\377\000g\000a\000u\000s\000s\000i\000a\000n\000T\000r\000a\000c\000k\000i\000n\000g}{subsection.4.18.3}
\BOOKMARK [3][-]{subsubsection.4.18.3.10}{\376\377\000g\000a\000u\000s\000s\000i\000a\000n\000T\000r\000a\000c\000k\000i\000n\000g\000I\000n\000i\000t}{subsection.4.18.3}
\BOOKMARK [3][-]{subsubsection.4.18.3.11}{\376\377\000g\000e\000t\000C\000e\000n\000t\000r\000o\000i\000d}{subsection.4.18.3}
\BOOKMARK [3][-]{subsubsection.4.18.3.12}{\376\377\000g\000e\000t\000i\000d}{subsection.4.18.3}
\BOOKMARK [3][-]{subsubsection.4.18.3.13}{\376\377\000i\000n\000i\000t\000G\000a\000u\000s\000s\000i\000a\000n}{subsection.4.18.3}
\BOOKMARK [3][-]{subsubsection.4.18.3.14}{\376\377\000i\000n\000i\000t\000i\000a\000l\000G\000M\000M}{subsection.4.18.3}
\BOOKMARK [3][-]{subsubsection.4.18.3.15}{\376\377\000i\000n\000s\000e\000r\000t}{subsection.4.18.3}
\BOOKMARK [3][-]{subsubsection.4.18.3.16}{\376\377\000l\000i\000k\000e\000l\000i\000h\000o\000o\000d}{subsection.4.18.3}
\BOOKMARK [3][-]{subsubsection.4.18.3.17}{\376\377\000l\000i\000k\000e\000l\000i\000h\000o\000o\000d\000\137\000s\000t\000a\000n\000d\000a\000r\000d}{subsection.4.18.3}
\BOOKMARK [3][-]{subsubsection.4.18.3.18}{\376\377\000m\000a\000k\000e\000T\000o\000p\000o\000l\000o\000g\000y}{subsection.4.18.3}
\BOOKMARK [3][-]{subsubsection.4.18.3.19}{\376\377\000m\000e\000r\000g\000e\000T\000w\000o\000G\000M\000M\000s}{subsection.4.18.3}
\BOOKMARK [3][-]{subsubsection.4.18.3.20}{\376\377\000s\000e\000t\000i\000d}{subsection.4.18.3}
\BOOKMARK [3][-]{subsubsection.4.18.3.21}{\376\377\000s\000e\000t\000S\000c\000a\000l\000e}{subsection.4.18.3}
\BOOKMARK [3][-]{subsubsection.4.18.3.22}{\376\377\000s\000e\000t\000T\000r\000a\000n\000s\000P\000a\000r\000a\000m}{subsection.4.18.3}
\BOOKMARK [3][-]{subsubsection.4.18.3.23}{\376\377\000s\000i\000m\000p\000l\000i\000f\000y}{subsection.4.18.3}
\BOOKMARK [3][-]{subsubsection.4.18.3.24}{\376\377\000t\000o\000P\000o\000i\000n\000t\000C\000l\000o\000u\000d}{subsection.4.18.3}
\BOOKMARK [3][-]{subsubsection.4.18.3.25}{\376\377\000t\000o\000p\000o\000l\000o\000g\000y\000\137\000p\000o\000s\000w\000e\000i\000g\000h\000t\000\137\000r\000e\000v}{subsection.4.18.3}
\BOOKMARK [3][-]{subsubsection.4.18.3.26}{\376\377\000t\000o\000p\000o\000l\000o\000g\000y\000\137\000v\000e\000l\000w\000e\000i\000g\000h\000t\000\137\000r\000e\000v}{subsection.4.18.3}
\BOOKMARK [3][-]{subsubsection.4.18.3.27}{\376\377\000t\000o\000p\000o\000l\000o\000g\000y\000\137\000w\000e\000i\000g\000h\000t}{subsection.4.18.3}
\BOOKMARK [3][-]{subsubsection.4.18.3.28}{\376\377\000u\000p\000d\000a\000t\000e\000P\000r\000e\000d\000i\000c\000t\000i\000v\000e\000P\000a\000r\000a\000m\000e\000t\000e\000r\000s}{subsection.4.18.3}
\BOOKMARK [2][-]{subsection.4.18.4}{\376\377\000M\000e\000m\000b\000e\000r\000\040\000D\000a\000t\000a\000\040\000D\000o\000c\000u\000m\000e\000n\000t\000a\000t\000i\000o\000n}{section.4.18}
\BOOKMARK [3][-]{subsubsection.4.18.4.1}{\376\377\000a\000l\000p\000h\000a}{subsection.4.18.4}
\BOOKMARK [3][-]{subsubsection.4.18.4.2}{\376\377\000c\000e\000n\000t\000r\000o\000i\000d}{subsection.4.18.4}
\BOOKMARK [3][-]{subsubsection.4.18.4.3}{\376\377\000c\000n\000t}{subsection.4.18.4}
\BOOKMARK [3][-]{subsubsection.4.18.4.4}{\376\377\000d\000i\000f\000f\000W\000e\000i\000g\000h\000t}{subsection.4.18.4}
\BOOKMARK [3][-]{subsubsection.4.18.4.5}{\376\377\000d\000i\000m\000e\000n\000s\000i\000o\000n}{subsection.4.18.4}
\BOOKMARK [3][-]{subsubsection.4.18.4.6}{\376\377\000e\000d\000g\000e\000s}{subsection.4.18.4}
\BOOKMARK [3][-]{subsubsection.4.18.4.7}{\376\377\000f\000i\000l\000t\000e\000r\000e\000d\000W\000e\000i\000g\000h\000t}{subsection.4.18.4}
\BOOKMARK [3][-]{subsubsection.4.18.4.8}{\376\377\000f\000r\000a\000m\000e}{subsection.4.18.4}
\BOOKMARK [3][-]{subsubsection.4.18.4.9}{\376\377\000g\000a\000u\000s\000s\000i\000a\000n}{subsection.4.18.4}
\BOOKMARK [3][-]{subsubsection.4.18.4.10}{\376\377\000g\000a\000u\000s\000s\000i\000a\000n\000T\000r\000a\000c\000k\000s}{subsection.4.18.4}
\BOOKMARK [3][-]{subsubsection.4.18.4.11}{\376\377\000g\000m\000m}{subsection.4.18.4}
\BOOKMARK [3][-]{subsubsection.4.18.4.12}{\376\377\000i\000d}{subsection.4.18.4}
\BOOKMARK [3][-]{subsubsection.4.18.4.13}{\376\377\000i\000m\000f\000t\000G\000a\000u\000s\000s\000i\000a\000n\000s}{subsection.4.18.4}
\BOOKMARK [3][-]{subsubsection.4.18.4.14}{\376\377\000i\000s\000P\000a\000r\000a\000m\000E\000x\000i\000s\000t}{subsection.4.18.4}
\BOOKMARK [3][-]{subsubsection.4.18.4.15}{\376\377\000p\000e\000r\000c\000e\000n\000t}{subsection.4.18.4}
\BOOKMARK [3][-]{subsubsection.4.18.4.16}{\376\377\000p\000o\000i\000n\000t\000s}{subsection.4.18.4}
\BOOKMARK [3][-]{subsubsection.4.18.4.17}{\376\377\000s\000c\000a\000l\000e}{subsection.4.18.4}
\BOOKMARK [3][-]{subsubsection.4.18.4.18}{\376\377\000s\000t\000a\000t\000e}{subsection.4.18.4}
\BOOKMARK [3][-]{subsubsection.4.18.4.19}{\376\377\000t\000h\000\137\000e\000d\000g\000e}{subsection.4.18.4}
\BOOKMARK [3][-]{subsubsection.4.18.4.20}{\376\377\000t\000o\000p\000o\000l\000o\000g\000y\000\137\000e\000d\000g\000e\000M\000a\000p}{subsection.4.18.4}
\BOOKMARK [3][-]{subsubsection.4.18.4.21}{\376\377\000t\000o\000p\000o\000l\000o\000g\000y\000\137\000g\000r\000a\000p\000h}{subsection.4.18.4}
\BOOKMARK [3][-]{subsubsection.4.18.4.22}{\376\377\000t\000o\000p\000o\000l\000o\000g\000y\000\137\000n\000o\000d\000e\000M\000a\000p}{subsection.4.18.4}
\BOOKMARK [3][-]{subsubsection.4.18.4.23}{\376\377\000t\000r\000a\000n\000s\000\137\000p\000a\000r\000a\000m}{subsection.4.18.4}
\BOOKMARK [3][-]{subsubsection.4.18.4.24}{\376\377\000w\000i\000n\000d\000o\000w\000\137\000l\000o\000n\000g}{subsection.4.18.4}
\BOOKMARK [3][-]{subsubsection.4.18.4.25}{\376\377\000w\000i\000n\000d\000o\000w\000\137\000s\000h\000o\000r\000t}{subsection.4.18.4}
\BOOKMARK [1][-]{section.4.19}{\376\377\000P\000C\000O\000b\000j\000e\000c\000t\000C\000o\000n\000t\000a\000i\000n\000e\000r\000\040\000C\000l\000a\000s\000s\000\040\000R\000e\000f\000e\000r\000e\000n\000c\000e}{chapter.4}
\BOOKMARK [2][-]{subsection.4.19.1}{\376\377\000C\000o\000n\000s\000t\000r\000u\000c\000t\000o\000r\000\040\000\046\000\040\000D\000e\000s\000t\000r\000u\000c\000t\000o\000r\000\040\000D\000o\000c\000u\000m\000e\000n\000t\000a\000t\000i\000o\000n}{section.4.19}
\BOOKMARK [3][-]{subsubsection.4.19.1.1}{\376\377\000P\000C\000O\000b\000j\000e\000c\000t\000C\000o\000n\000t\000a\000i\000n\000e\000r}{subsection.4.19.1}
\BOOKMARK [3][-]{subsubsection.4.19.1.2}{\376\377\000P\000C\000O\000b\000j\000e\000c\000t\000C\000o\000n\000t\000a\000i\000n\000e\000r}{subsection.4.19.1}
\BOOKMARK [3][-]{subsubsection.4.19.1.3}{\376\377\000P\000C\000O\000b\000j\000e\000c\000t\000C\000o\000n\000t\000a\000i\000n\000e\000r}{subsection.4.19.1}
\BOOKMARK [2][-]{subsection.4.19.2}{\376\377\000M\000e\000m\000b\000e\000r\000\040\000F\000u\000n\000c\000t\000i\000o\000n\000\040\000D\000o\000c\000u\000m\000e\000n\000t\000a\000t\000i\000o\000n}{section.4.19}
\BOOKMARK [3][-]{subsubsection.4.19.2.1}{\376\377\000c\000l\000e\000a\000r\000A\000l\000l}{subsection.4.19.2}
\BOOKMARK [3][-]{subsubsection.4.19.2.2}{\376\377\000d\000e\000l\000e\000t\000e\000O\000b\000j\000e\000c\000t}{subsection.4.19.2}
\BOOKMARK [3][-]{subsubsection.4.19.2.3}{\376\377\000i\000n\000i\000t\000G\000M\000M}{subsection.4.19.2}
\BOOKMARK [3][-]{subsubsection.4.19.2.4}{\376\377\000m\000a\000k\000e\000N\000e\000w\000O\000b\000j\000e\000c\000t}{subsection.4.19.2}
\BOOKMARK [3][-]{subsubsection.4.19.2.5}{\376\377\000m\000a\000k\000i\000n\000g\000O\000b\000j\000e\000c\000t\000s}{subsection.4.19.2}
\BOOKMARK [3][-]{subsubsection.4.19.2.6}{\376\377\000n\000u\000m\000O\000b\000j\000e\000c\000t\000s}{subsection.4.19.2}
\BOOKMARK [2][-]{subsection.4.19.3}{\376\377\000M\000e\000m\000b\000e\000r\000\040\000D\000a\000t\000a\000\040\000D\000o\000c\000u\000m\000e\000n\000t\000a\000t\000i\000o\000n}{section.4.19}
\BOOKMARK [3][-]{subsubsection.4.19.3.1}{\376\377\000n\000u\000m}{subsection.4.19.3}
\BOOKMARK [3][-]{subsubsection.4.19.3.2}{\376\377\000o\000b\000j\000e\000c\000t\000s}{subsection.4.19.3}
\BOOKMARK [3][-]{subsubsection.4.19.3.3}{\376\377\000p\000C\000l\000o\000u\000d}{subsection.4.19.3}
\BOOKMARK [3][-]{subsubsection.4.19.3.4}{\376\377\000s\000c\000a\000l\000e}{subsection.4.19.3}
\BOOKMARK [1][-]{section.4.20}{\376\377\000P\000C\000T\000r\000a\000c\000k\000C\000o\000n\000t\000a\000i\000n\000e\000r\000\040\000C\000l\000a\000s\000s\000\040\000R\000e\000f\000e\000r\000e\000n\000c\000e}{chapter.4}
\BOOKMARK [2][-]{subsection.4.20.1}{\376\377\000M\000e\000m\000b\000e\000r\000\040\000T\000y\000p\000e\000d\000e\000f\000\040\000D\000o\000c\000u\000m\000e\000n\000t\000a\000t\000i\000o\000n}{section.4.20}
\BOOKMARK [3][-]{subsubsection.4.20.1.1}{\376\377\000C\000l\000o\000u\000d}{subsection.4.20.1}
\BOOKMARK [3][-]{subsubsection.4.20.1.2}{\376\377\000C\000l\000o\000u\000d\000C\000o\000n\000s\000t\000P\000t\000r}{subsection.4.20.1}
\BOOKMARK [3][-]{subsubsection.4.20.1.3}{\376\377\000C\000l\000o\000u\000d\000P\000t\000r}{subsection.4.20.1}
\BOOKMARK [3][-]{subsubsection.4.20.1.4}{\376\377\000P\000o\000i\000n\000t\000T}{subsection.4.20.1}
\BOOKMARK [2][-]{subsection.4.20.2}{\376\377\000C\000o\000n\000s\000t\000r\000u\000c\000t\000o\000r\000\040\000\046\000\040\000D\000e\000s\000t\000r\000u\000c\000t\000o\000r\000\040\000D\000o\000c\000u\000m\000e\000n\000t\000a\000t\000i\000o\000n}{section.4.20}
\BOOKMARK [3][-]{subsubsection.4.20.2.1}{\376\377\000P\000C\000T\000r\000a\000c\000k\000C\000o\000n\000t\000a\000i\000n\000e\000r}{subsection.4.20.2}
\BOOKMARK [3][-]{subsubsection.4.20.2.2}{\376\377\000P\000C\000T\000r\000a\000c\000k\000C\000o\000n\000t\000a\000i\000n\000e\000r}{subsection.4.20.2}
\BOOKMARK [2][-]{subsection.4.20.3}{\376\377\000M\000e\000m\000b\000e\000r\000\040\000F\000u\000n\000c\000t\000i\000o\000n\000\040\000D\000o\000c\000u\000m\000e\000n\000t\000a\000t\000i\000o\000n}{section.4.20}
\BOOKMARK [3][-]{subsubsection.4.20.3.1}{\376\377\000e\000i\000g\000e\000n\000O\000r\000d\000e\000r\000i\000n\000g}{subsection.4.20.3}
\BOOKMARK [3][-]{subsubsection.4.20.3.2}{\376\377\000e\000v\000a\000l\000u\000a\000t\000e}{subsection.4.20.3}
\BOOKMARK [3][-]{subsubsection.4.20.3.3}{\376\377\000i\000r\000o\000s\0002\0000\0001\0004}{subsection.4.20.3}
\BOOKMARK [3][-]{subsubsection.4.20.3.4}{\376\377\000N\000O\000R\000M}{subsection.4.20.3}
\BOOKMARK [3][-]{subsubsection.4.20.3.5}{\376\377\000o\000l\000d\000G\000a\000u\000s\000s\000i\000a\000n\000s}{subsection.4.20.3}
\BOOKMARK [3][-]{subsubsection.4.20.3.6}{\376\377\000o\000l\000d\000M\000a\000r\000k\000e\000r\000I\000D\000s}{subsection.4.20.3}
\BOOKMARK [3][-]{subsubsection.4.20.3.7}{\376\377\000S\000I\000G\000N}{subsection.4.20.3}
\BOOKMARK [3][-]{subsubsection.4.20.3.8}{\376\377\000t\000o\000M\000a\000r\000k\000e\000r\000E\000d\000g\000e\000s}{subsection.4.20.3}
\BOOKMARK [3][-]{subsubsection.4.20.3.9}{\376\377\000t\000o\000M\000a\000r\000k\000e\000r\000G\000a\000u\000s\000s\000i\000a\000n\000s}{subsection.4.20.3}
\BOOKMARK [3][-]{subsubsection.4.20.3.10}{\376\377\000t\000o\000M\000a\000r\000k\000e\000r\000G\000M\000M\000s}{subsection.4.20.3}
\BOOKMARK [3][-]{subsubsection.4.20.3.11}{\376\377\000t\000o\000M\000a\000r\000k\000e\000r\000I\000D\000s}{subsection.4.20.3}
\BOOKMARK [3][-]{subsubsection.4.20.3.12}{\376\377\000t\000o\000P\000o\000i\000n\000t\000C\000l\000o\000u\000d\000X\000Y\000Z\000I}{subsection.4.20.3}
\BOOKMARK [2][-]{subsection.4.20.4}{\376\377\000M\000e\000m\000b\000e\000r\000\040\000D\000a\000t\000a\000\040\000D\000o\000c\000u\000m\000e\000n\000t\000a\000t\000i\000o\000n}{section.4.20}
\BOOKMARK [3][-]{subsubsection.4.20.4.1}{\376\377\000i\000s\000U\000p\000d\000a\000t\000e\000d}{subsection.4.20.4}
\BOOKMARK [3][-]{subsubsection.4.20.4.2}{\376\377\000m\000a\000x\000F\000r\000a\000m\000e}{subsection.4.20.4}
\BOOKMARK [3][-]{subsubsection.4.20.4.3}{\376\377\000n\000u\000m\000F\000a\000l\000s\000e\000P\000o\000i\000n\000t\000s}{subsection.4.20.4}
\BOOKMARK [3][-]{subsubsection.4.20.4.4}{\376\377\000n\000u\000m\000T\000o\000t\000a\000l\000P\000o\000i\000n\000t\000s}{subsection.4.20.4}
\BOOKMARK [3][-]{subsubsection.4.20.4.5}{\376\377\000n\000u\000m\000T\000r\000u\000e\000P\000o\000i\000n\000t\000s}{subsection.4.20.4}
\BOOKMARK [3][-]{subsubsection.4.20.4.6}{\376\377\000o\000l\000d\000G\000a\000u\000s\000s\000i\000a\000n\000s\000I\000d}{subsection.4.20.4}
\BOOKMARK [3][-]{subsubsection.4.20.4.7}{\376\377\000o\000l\000d\000T\000r\000a\000c\000k\000I\000D\000s}{subsection.4.20.4}
\BOOKMARK [1][-]{section.4.21}{\376\377\000P\000C\000T\000r\000a\000c\000k\000i\000n\000g\000\040\000C\000l\000a\000s\000s\000\040\000R\000e\000f\000e\000r\000e\000n\000c\000e}{chapter.4}
\BOOKMARK [2][-]{subsection.4.21.1}{\376\377\000C\000o\000n\000s\000t\000r\000u\000c\000t\000o\000r\000\040\000\046\000\040\000D\000e\000s\000t\000r\000u\000c\000t\000o\000r\000\040\000D\000o\000c\000u\000m\000e\000n\000t\000a\000t\000i\000o\000n}{section.4.21}
\BOOKMARK [3][-]{subsubsection.4.21.1.1}{\376\377\000P\000C\000T\000r\000a\000c\000k\000i\000n\000g}{subsection.4.21.1}
\BOOKMARK [3][-]{subsubsection.4.21.1.2}{\376\377\000P\000C\000T\000r\000a\000c\000k\000i\000n\000g}{subsection.4.21.1}
\BOOKMARK [2][-]{subsection.4.21.2}{\376\377\000M\000e\000m\000b\000e\000r\000\040\000F\000u\000n\000c\000t\000i\000o\000n\000\040\000D\000o\000c\000u\000m\000e\000n\000t\000a\000t\000i\000o\000n}{section.4.21}
\BOOKMARK [3][-]{subsubsection.4.21.2.1}{\376\377\000a\000m\000b\000i\000g\000u\000i\000t\000y\000T\000e\000s\000t}{subsection.4.21.2}
\BOOKMARK [3][-]{subsubsection.4.21.2.2}{\376\377\000c\000l\000e\000a\000r\000O\000b\000j\000e\000c\000t\000s}{subsection.4.21.2}
\BOOKMARK [3][-]{subsubsection.4.21.2.3}{\376\377\000c\000o\000n\000f\000i\000r\000m\000D\000i\000g\000r\000a\000p\000h}{subsection.4.21.2}
\BOOKMARK [3][-]{subsubsection.4.21.2.4}{\376\377\000g\000e\000t\000F\000i\000l\000t\000e\000r\000e\000d\000P\000C}{subsection.4.21.2}
\BOOKMARK [3][-]{subsubsection.4.21.2.5}{\376\377\000g\000e\000t\000L\000a\000s\000t\000M\000o\000d\000e\000l}{subsection.4.21.2}
\BOOKMARK [3][-]{subsubsection.4.21.2.6}{\376\377\000g\000e\000t\000P\000a\000r\000t\000i\000c\000l\000e\000s}{subsection.4.21.2}
\BOOKMARK [3][-]{subsubsection.4.21.2.7}{\376\377\000g\000e\000t\000S\000e\000g\000m\000e\000n\000t\000e\000d\000P\000C}{subsection.4.21.2}
\BOOKMARK [3][-]{subsubsection.4.21.2.8}{\376\377\000i\000n\000d\000e\000x\000i\000n\000g}{subsection.4.21.2}
\BOOKMARK [3][-]{subsubsection.4.21.2.9}{\376\377\000i\000n\000d\000v\000L\000o\000c}{subsection.4.21.2}
\BOOKMARK [3][-]{subsubsection.4.21.2.10}{\376\377\000i\000n\000i\000t\000d\000g}{subsection.4.21.2}
\BOOKMARK [3][-]{subsubsection.4.21.2.11}{\376\377\000i\000s\000B\000o\000u\000n\000d\000a\000r\000y}{subsection.4.21.2}
\BOOKMARK [3][-]{subsubsection.4.21.2.12}{\376\377\000m\000o\000d\000i\000f\000y\000F\000a\000l\000s\000e\000l\000y\000M\000e\000r\000g\000e\000d}{subsection.4.21.2}
\BOOKMARK [3][-]{subsubsection.4.21.2.13}{\376\377\000m\000o\000d\000i\000f\000y\000F\000a\000l\000s\000e\000l\000y\000S\000e\000p\000a\000r\000a\000t\000e\000d}{subsection.4.21.2}
\BOOKMARK [3][-]{subsubsection.4.21.2.14}{\376\377\000p\000o\000i\000n\000t\000M\000a\000t\000c\000h\000i\000n\000g}{subsection.4.21.2}
\BOOKMARK [3][-]{subsubsection.4.21.2.15}{\376\377\000r\000u\000n}{subsection.4.21.2}
\BOOKMARK [3][-]{subsubsection.4.21.2.16}{\376\377\000s\000e\000g\000m\000e\000n\000t\000a\000t\000i\000o\000n}{subsection.4.21.2}
\BOOKMARK [3][-]{subsubsection.4.21.2.17}{\376\377\000s\000e\000g\000m\000e\000n\000t\000a\000t\000i\000o\000n\000G\000M\000M}{subsection.4.21.2}
\BOOKMARK [3][-]{subsubsection.4.21.2.18}{\376\377\000t\000r\000a\000c\000k\000i\000n\000g\000G\000a\000u\000s\000s\000i\000a\000n\000s}{subsection.4.21.2}
\BOOKMARK [3][-]{subsubsection.4.21.2.19}{\376\377\000t\000y\000p\000e\000C\000l\000e\000a\000r}{subsection.4.21.2}
\BOOKMARK [3][-]{subsubsection.4.21.2.20}{\376\377\000t\000y\000p\000e\000P\000r\000o\000b\000l\000e\000m}{subsection.4.21.2}
\BOOKMARK [3][-]{subsubsection.4.21.2.21}{\376\377\000u\000p\000d\000a\000t\000e\000T\000r\000a\000c\000k\000s}{subsection.4.21.2}
\BOOKMARK [2][-]{subsection.4.21.3}{\376\377\000M\000e\000m\000b\000e\000r\000\040\000D\000a\000t\000a\000\040\000D\000o\000c\000u\000m\000e\000n\000t\000a\000t\000i\000o\000n}{section.4.21}
\BOOKMARK [3][-]{subsubsection.4.21.3.1}{\376\377\000b}{subsection.4.21.3}
\BOOKMARK [3][-]{subsubsection.4.21.3.2}{\376\377\000b\000o\000u\000n\000d\000a\000r\000y}{subsection.4.21.3}
\BOOKMARK [3][-]{subsubsection.4.21.3.3}{\376\377\000b\000o\000u\000n\000d\000a\000r\000y\000M\000a\000r\000g\000i\000n}{subsection.4.21.3}
\BOOKMARK [3][-]{subsubsection.4.21.3.4}{\376\377\000c\000l\000e\000a\000r\000A\000r\000c\000s}{subsection.4.21.3}
\BOOKMARK [3][-]{subsubsection.4.21.3.5}{\376\377\000c\000l\000e\000a\000r\000N\000o\000d\000e\000s}{subsection.4.21.3}
\BOOKMARK [3][-]{subsubsection.4.21.3.6}{\376\377\000c\000n\000t}{subsection.4.21.3}
\BOOKMARK [3][-]{subsubsection.4.21.3.7}{\376\377\000d\000g\000\137\000a\000m\000b\000i\000g\000u\000i\000t\000y}{subsection.4.21.3}
\BOOKMARK [3][-]{subsubsection.4.21.3.8}{\376\377\000d\000g\000\137\000a\000m\000b\000i\000g\000u\000i\000t\000y\000\137\000a\000r\000c\000s}{subsection.4.21.3}
\BOOKMARK [3][-]{subsubsection.4.21.3.9}{\376\377\000d\000g\000\137\000a\000m\000b\000i\000g\000u\000i\000t\000y\000\137\000n\000o\000d\000e\000s}{subsection.4.21.3}
\BOOKMARK [3][-]{subsubsection.4.21.3.10}{\376\377\000d\000i\000m}{subsection.4.21.3}
\BOOKMARK [3][-]{subsubsection.4.21.3.11}{\376\377\000f\000a\000l\000s\000e\000l\000y\000M\000e\000r\000g\000e\000d}{subsection.4.21.3}
\BOOKMARK [3][-]{subsubsection.4.21.3.12}{\376\377\000f\000a\000l\000s\000e\000l\000y\000S\000e\000p\000a\000r\000e\000t\000e\000d}{subsection.4.21.3}
\BOOKMARK [3][-]{subsubsection.4.21.3.13}{\376\377\000f\000r\000a\000m\000e\000\137\000i\000d}{subsection.4.21.3}
\BOOKMARK [3][-]{subsubsection.4.21.3.14}{\376\377\000g}{subsection.4.21.3}
\BOOKMARK [3][-]{subsubsection.4.21.3.15}{\376\377\000i\000m\000f\000t}{subsection.4.21.3}
\BOOKMARK [3][-]{subsubsection.4.21.3.16}{\376\377\000i\000m\000f\000t\000\137\000l\000o\000c}{subsection.4.21.3}
\BOOKMARK [3][-]{subsubsection.4.21.3.17}{\376\377\000i\000s\000D\000e\000b\000u\000g}{subsection.4.21.3}
\BOOKMARK [3][-]{subsubsection.4.21.3.18}{\376\377\000m\000\137\000p\000a\000r\000t\000F\000i\000l\000t\000e\000r\000s}{subsection.4.21.3}
\BOOKMARK [3][-]{subsubsection.4.21.3.19}{\376\377\000m\000a\000x\000F\000r\000a\000m\000e}{subsection.4.21.3}
\BOOKMARK [3][-]{subsubsection.4.21.3.20}{\376\377\000m\000a\000x\000I\000D}{subsection.4.21.3}
\BOOKMARK [3][-]{subsubsection.4.21.3.21}{\376\377\000m\000a\000x\000P\000r\000o\000b\000A\000s\000s\000o\000c\000i\000a\000t\000i\000o\000n}{subsection.4.21.3}
\BOOKMARK [3][-]{subsubsection.4.21.3.22}{\376\377\000m\000i\000n\000P\000o\000i\000n\000t\000s}{subsection.4.21.3}
\BOOKMARK [3][-]{subsubsection.4.21.3.23}{\376\377\000n\000O\000b\000j\000e\000c\000t\000s}{subsection.4.21.3}
\BOOKMARK [3][-]{subsubsection.4.21.3.24}{\376\377\000o\000b\000j\000e\000c\000t\000\137\000t\000r\000a\000c\000k\000s}{subsection.4.21.3}
\BOOKMARK [3][-]{subsubsection.4.21.3.25}{\376\377\000o\000b\000j\000e\000c\000t\000s\000\137\000c\000l\000e\000a\000r}{subsection.4.21.3}
\BOOKMARK [3][-]{subsubsection.4.21.3.26}{\376\377\000o\000b\000j\000e\000c\000t\000s\000\137\000f\000a\000l\000s\000e\000M\000e\000r\000g}{subsection.4.21.3}
\BOOKMARK [3][-]{subsubsection.4.21.3.27}{\376\377\000o\000b\000j\000e\000c\000t\000s\000\137\000f\000a\000l\000s\000e\000S\000e\000p}{subsection.4.21.3}
\BOOKMARK [3][-]{subsubsection.4.21.3.28}{\376\377\000o\000b\000j\000e\000c\000t\000s\000\137\000l\000o\000c}{subsection.4.21.3}
\BOOKMARK [3][-]{subsubsection.4.21.3.29}{\376\377\000o\000b\000j\000e\000c\000t\000s\000\137\000m\000o\000d\000i\000f\000i\000e\000d}{subsection.4.21.3}
\BOOKMARK [3][-]{subsubsection.4.21.3.30}{\376\377\000o\000b\000j\000e\000c\000t\000s\000\137\000p\000r\000e\000v}{subsection.4.21.3}
\BOOKMARK [3][-]{subsubsection.4.21.3.31}{\376\377\000o\000b\000s\000e\000r\000v\000e\000d\000P\000o\000i\000n\000t\000s\000L\000i\000s\000t}{subsection.4.21.3}
\BOOKMARK [3][-]{subsubsection.4.21.3.32}{\376\377\000p\000C\000l\000o\000u\000d}{subsection.4.21.3}
\BOOKMARK [3][-]{subsubsection.4.21.3.33}{\376\377\000p\000C\000l\000o\000u\000d\000\137\000l\000a\000s\000t\000M\000o\000d\000e\000l}{subsection.4.21.3}
\BOOKMARK [3][-]{subsubsection.4.21.3.34}{\376\377\000p\000C\000l\000o\000u\000d\000\137\000p\000a\000r\000t\000i\000c\000l\000e\000s}{subsection.4.21.3}
\BOOKMARK [3][-]{subsubsection.4.21.3.35}{\376\377\000p\000C\000l\000o\000u\000d\000\137\000s\000e\000g}{subsection.4.21.3}
\BOOKMARK [3][-]{subsubsection.4.21.3.36}{\376\377\000p\000e\000r\000c\000e\000n\000t}{subsection.4.21.3}
\BOOKMARK [3][-]{subsubsection.4.21.3.37}{\376\377\000p\000r\000o\000b\000l\000e\000m\000A\000r\000c\000s}{subsection.4.21.3}
\BOOKMARK [3][-]{subsubsection.4.21.3.38}{\376\377\000p\000r\000o\000b\000l\000e\000m\000N\000o\000d\000e\000s}{subsection.4.21.3}
\BOOKMARK [3][-]{subsubsection.4.21.3.39}{\376\377\000p\000u\000b\000\137\000m\000o\000d\000e\000l}{subsection.4.21.3}
\BOOKMARK [3][-]{subsubsection.4.21.3.40}{\376\377\000p\000u\000b\000\137\000s\000c\000e\000n\000e}{subsection.4.21.3}
\BOOKMARK [3][-]{subsubsection.4.21.3.41}{\376\377\000r}{subsection.4.21.3}
\BOOKMARK [3][-]{subsubsection.4.21.3.42}{\376\377\000s\000c\000a\000l\000e}{subsection.4.21.3}
\BOOKMARK [3][-]{subsubsection.4.21.3.43}{\376\377\000s\000e\000g\000m\000e\000n\000t\000a\000t\000i\000o\000n\000\137\000m\000a\000x\000S\000i\000z\000e}{subsection.4.21.3}
\BOOKMARK [3][-]{subsubsection.4.21.3.44}{\376\377\000s\000e\000g\000m\000e\000n\000t\000a\000t\000i\000o\000n\000\137\000m\000i\000n\000S\000i\000z\000e}{subsection.4.21.3}
\BOOKMARK [3][-]{subsubsection.4.21.3.45}{\376\377\000s\000e\000g\000m\000e\000n\000t\000a\000t\000i\000o\000n\000\137\000t\000o\000l\000e\000r\000a\000n\000c\000e}{subsection.4.21.3}
\BOOKMARK [3][-]{subsubsection.4.21.3.46}{\376\377\000t\000h\000r\000P\000r\000o\000b\000S\000c\000e\000n\000e}{subsection.4.21.3}
\BOOKMARK [3][-]{subsubsection.4.21.3.47}{\376\377\000u\000n\000m\000a\000t\000c\000h\000e\000d\000P\000o\000i\000n\000t\000s}{subsection.4.21.3}
\BOOKMARK [1][-]{section.4.22}{\376\377\000P\000o\000i\000n\000t\000\040\000C\000l\000a\000s\000s\000\040\000R\000e\000f\000e\000r\000e\000n\000c\000e}{chapter.4}
\BOOKMARK [2][-]{subsection.4.22.1}{\376\377\000C\000o\000n\000s\000t\000r\000u\000c\000t\000o\000r\000\040\000\046\000\040\000D\000e\000s\000t\000r\000u\000c\000t\000o\000r\000\040\000D\000o\000c\000u\000m\000e\000n\000t\000a\000t\000i\000o\000n}{section.4.22}
\BOOKMARK [3][-]{subsubsection.4.22.1.1}{\376\377\000P\000o\000i\000n\000t}{subsection.4.22.1}
\BOOKMARK [3][-]{subsubsection.4.22.1.2}{\376\377\000P\000o\000i\000n\000t}{subsection.4.22.1}
\BOOKMARK [2][-]{subsection.4.22.2}{\376\377\000M\000e\000m\000b\000e\000r\000\040\000F\000u\000n\000c\000t\000i\000o\000n\000\040\000D\000o\000c\000u\000m\000e\000n\000t\000a\000t\000i\000o\000n}{section.4.22}
\BOOKMARK [3][-]{subsubsection.4.22.2.1}{\376\377\000t\000o\000P\000c\000l\000P\000t}{subsection.4.22.2}
\BOOKMARK [2][-]{subsection.4.22.3}{\376\377\000M\000e\000m\000b\000e\000r\000\040\000D\000a\000t\000a\000\040\000D\000o\000c\000u\000m\000e\000n\000t\000a\000t\000i\000o\000n}{section.4.22}
\BOOKMARK [3][-]{subsubsection.4.22.3.1}{\376\377\000d\000i\000m}{subsection.4.22.3}
\BOOKMARK [3][-]{subsubsection.4.22.3.2}{\376\377\000i\000d}{subsection.4.22.3}
\BOOKMARK [3][-]{subsubsection.4.22.3.3}{\376\377\000p\000o\000s}{subsection.4.22.3}
\BOOKMARK [3][-]{subsubsection.4.22.3.4}{\376\377\000r\000g\000b}{subsection.4.22.3}
\BOOKMARK [1][-]{section.4.23}{\376\377\000S\000c\000e\000n\000e\000\040\000S\000t\000r\000u\000c\000t\000\040\000R\000e\000f\000e\000r\000e\000n\000c\000e}{chapter.4}
\BOOKMARK [2][-]{subsection.4.23.1}{\376\377\000M\000e\000m\000b\000e\000r\000\040\000D\000a\000t\000a\000\040\000D\000o\000c\000u\000m\000e\000n\000t\000a\000t\000i\000o\000n}{section.4.23}
\BOOKMARK [3][-]{subsubsection.4.23.1.1}{\376\377\000m\000o\000d\000e\000l\000s}{subsection.4.23.1}
\BOOKMARK [3][-]{subsubsection.4.23.1.2}{\376\377\000s\000c\000e\000n\000e}{subsection.4.23.1}
\BOOKMARK [3][-]{subsubsection.4.23.1.3}{\376\377\000t\000r\000a\000s\000f\000o\000r\000m\000e\000d\000M\000o\000d\000e\000l\000s}{subsection.4.23.1}
\BOOKMARK [1][-]{section.4.24}{\376\377\000T\000r\000a\000c\000k\000<\000\040\000O\000b\000j\000e\000c\000t\000\040\000>\000\040\000C\000l\000a\000s\000s\000\040\000T\000e\000m\000p\000l\000a\000t\000e\000\040\000R\000e\000f\000e\000r\000e\000n\000c\000e}{chapter.4}
\BOOKMARK [2][-]{subsection.4.24.1}{\376\377\000C\000o\000n\000s\000t\000r\000u\000c\000t\000o\000r\000\040\000\046\000\040\000D\000e\000s\000t\000r\000u\000c\000t\000o\000r\000\040\000D\000o\000c\000u\000m\000e\000n\000t\000a\000t\000i\000o\000n}{section.4.24}
\BOOKMARK [3][-]{subsubsection.4.24.1.1}{\376\377\000T\000r\000a\000c\000k}{subsection.4.24.1}
\BOOKMARK [2][-]{subsection.4.24.2}{\376\377\000M\000e\000m\000b\000e\000r\000\040\000F\000u\000n\000c\000t\000i\000o\000n\000\040\000D\000o\000c\000u\000m\000e\000n\000t\000a\000t\000i\000o\000n}{section.4.24}
\BOOKMARK [3][-]{subsubsection.4.24.2.1}{\376\377\000f\000r\000a\000m\000e\000P\000t\000r\000F\000r\000o\000m\000L\000a\000s\000t}{subsection.4.24.2}
\BOOKMARK [3][-]{subsubsection.4.24.2.2}{\376\377\000f\000r\000a\000m\000e\000S\000i\000z\000e}{subsection.4.24.2}
\BOOKMARK [3][-]{subsubsection.4.24.2.3}{\376\377\000g\000e\000t\000F\000r\000a\000m\000e\000F\000r\000o\000m\000L\000a\000s\000t}{subsection.4.24.2}
\BOOKMARK [3][-]{subsubsection.4.24.2.4}{\376\377\000i\000n\000s\000e\000r\000t}{subsection.4.24.2}
\BOOKMARK [3][-]{subsubsection.4.24.2.5}{\376\377\000l\000a\000s\000t\000F\000r\000a\000m\000e}{subsection.4.24.2}
\BOOKMARK [3][-]{subsubsection.4.24.2.6}{\376\377\000l\000a\000s\000t\000F\000r\000a\000m\000e\000P\000t\000r}{subsection.4.24.2}
\BOOKMARK [3][-]{subsubsection.4.24.2.7}{\376\377\000t\000e\000r\000m\000i\000n\000a\000t\000e}{subsection.4.24.2}
\BOOKMARK [3][-]{subsubsection.4.24.2.8}{\376\377\000u\000p\000d\000a\000t\000e\000O\000b\000j\000e\000c\000t\000A\000t\000F\000r\000a\000m\000e}{subsection.4.24.2}
\BOOKMARK [2][-]{subsection.4.24.3}{\376\377\000M\000e\000m\000b\000e\000r\000\040\000D\000a\000t\000a\000\040\000D\000o\000c\000u\000m\000e\000n\000t\000a\000t\000i\000o\000n}{section.4.24}
\BOOKMARK [3][-]{subsubsection.4.24.3.1}{\376\377\000f\000r\000a\000m\000e\000s}{subsection.4.24.3}
\BOOKMARK [3][-]{subsubsection.4.24.3.2}{\376\377\000i\000d}{subsection.4.24.3}
\BOOKMARK [3][-]{subsubsection.4.24.3.3}{\376\377\000m\000a\000x\000F\000r\000a\000m\000e}{subsection.4.24.3}
\BOOKMARK [1][-]{section.4.25}{\376\377\000T\000r\000a\000c\000k\000C\000o\000n\000t\000a\000i\000n\000e\000r\000<\000\040\000O\000b\000j\000e\000c\000t\000\040\000>\000\040\000C\000l\000a\000s\000s\000\040\000T\000e\000m\000p\000l\000a\000t\000e\000\040\000R\000e\000f\000e\000r\000e\000n\000c\000e}{chapter.4}
\BOOKMARK [2][-]{subsection.4.25.1}{\376\377\000M\000e\000m\000b\000e\000r\000\040\000T\000y\000p\000e\000d\000e\000f\000\040\000D\000o\000c\000u\000m\000e\000n\000t\000a\000t\000i\000o\000n}{section.4.25}
\BOOKMARK [3][-]{subsubsection.4.25.1.1}{\376\377\000T\000r\000a\000c\000k\000T}{subsection.4.25.1}
\BOOKMARK [3][-]{subsubsection.4.25.1.2}{\376\377\000V\000e\000c\000T\000r\000a\000c\000k\000P\000t\000r}{subsection.4.25.1}
\BOOKMARK [2][-]{subsection.4.25.2}{\376\377\000C\000o\000n\000s\000t\000r\000u\000c\000t\000o\000r\000\040\000\046\000\040\000D\000e\000s\000t\000r\000u\000c\000t\000o\000r\000\040\000D\000o\000c\000u\000m\000e\000n\000t\000a\000t\000i\000o\000n}{section.4.25}
\BOOKMARK [3][-]{subsubsection.4.25.2.1}{\376\377\000T\000r\000a\000c\000k\000C\000o\000n\000t\000a\000i\000n\000e\000r}{subsection.4.25.2}
\BOOKMARK [3][-]{subsubsection.4.25.2.2}{\376\377\000T\000r\000a\000c\000k\000C\000o\000n\000t\000a\000i\000n\000e\000r}{subsection.4.25.2}
\BOOKMARK [2][-]{subsection.4.25.3}{\376\377\000M\000e\000m\000b\000e\000r\000\040\000F\000u\000n\000c\000t\000i\000o\000n\000\040\000D\000o\000c\000u\000m\000e\000n\000t\000a\000t\000i\000o\000n}{section.4.25}
\BOOKMARK [3][-]{subsubsection.4.25.3.1}{\376\377\000c\000r\000e\000a\000t\000e\000T\000r\000a\000c\000k}{subsection.4.25.3}
\BOOKMARK [3][-]{subsubsection.4.25.3.2}{\376\377\000c\000r\000e\000a\000t\000e\000T\000r\000a\000c\000k}{subsection.4.25.3}
\BOOKMARK [3][-]{subsubsection.4.25.3.3}{\376\377\000d\000e\000l\000e\000t\000e\000N\000o\000U\000p\000d\000a\000t\000e\000d\000T\000r\000a\000c\000k\000s}{subsection.4.25.3}
\BOOKMARK [3][-]{subsubsection.4.25.3.4}{\376\377\000i\000s\000N\000e\000w\000l\000y\000U\000p\000d\000a\000t\000e\000d}{subsection.4.25.3}
\BOOKMARK [3][-]{subsubsection.4.25.3.5}{\376\377\000m\000e\000r\000g\000e}{subsection.4.25.3}
\BOOKMARK [3][-]{subsubsection.4.25.3.6}{\376\377\000n\000e\000w\000I\000d}{subsection.4.25.3}
\BOOKMARK [3][-]{subsubsection.4.25.3.7}{\376\377\000n\000u\000m\000T\000r\000a\000c\000k\000s}{subsection.4.25.3}
\BOOKMARK [3][-]{subsubsection.4.25.3.8}{\376\377\000p\000u\000s\000h\000\137\000b\000a\000c\000k\000\137\000t\000r\000a\000c\000k}{subsection.4.25.3}
\BOOKMARK [3][-]{subsubsection.4.25.3.9}{\376\377\000u\000p\000d\000a\000t\000e\000O\000b\000j\000e\000c\000t}{subsection.4.25.3}
\BOOKMARK [2][-]{subsection.4.25.4}{\376\377\000M\000e\000m\000b\000e\000r\000\040\000D\000a\000t\000a\000\040\000D\000o\000c\000u\000m\000e\000n\000t\000a\000t\000i\000o\000n}{section.4.25}
\BOOKMARK [3][-]{subsubsection.4.25.4.1}{\376\377\000b}{subsection.4.25.4}
\BOOKMARK [3][-]{subsubsection.4.25.4.2}{\376\377\000c\000u\000r\000r\000e\000n\000t\000T}{subsection.4.25.4}
\BOOKMARK [3][-]{subsubsection.4.25.4.3}{\376\377\000d\000e\000l\000e\000t\000e\000d\000T\000r\000a\000c\000k\000I\000D\000s}{subsection.4.25.4}
\BOOKMARK [3][-]{subsubsection.4.25.4.4}{\376\377\000g}{subsection.4.25.4}
\BOOKMARK [3][-]{subsubsection.4.25.4.5}{\376\377\000m\000a\000x\000F\000r\000a\000m\000e}{subsection.4.25.4}
\BOOKMARK [3][-]{subsubsection.4.25.4.6}{\376\377\000m\000a\000x\000I\000D}{subsection.4.25.4}
\BOOKMARK [3][-]{subsubsection.4.25.4.7}{\376\377\000o\000l\000d\000C\000n\000t}{subsection.4.25.4}
\BOOKMARK [3][-]{subsubsection.4.25.4.8}{\376\377\000o\000l\000d\000C\000n\000t\000\137\000g\000a\000u\000s\000s\000i\000a\000n\000s}{subsection.4.25.4}
\BOOKMARK [3][-]{subsubsection.4.25.4.9}{\376\377\000r}{subsection.4.25.4}
\BOOKMARK [3][-]{subsubsection.4.25.4.10}{\376\377\000t\000r\000a\000c\000k\000s}{subsection.4.25.4}
\BOOKMARK [1][-]{section.4.26}{\376\377\000T\000r\000a\000c\000k\000P\000o\000i\000n\000t\000\040\000S\000t\000r\000u\000c\000t\000\040\000R\000e\000f\000e\000r\000e\000n\000c\000e}{chapter.4}
\BOOKMARK [2][-]{subsection.4.26.1}{\376\377\000M\000e\000m\000b\000e\000r\000\040\000D\000a\000t\000a\000\040\000D\000o\000c\000u\000m\000e\000n\000t\000a\000t\000i\000o\000n}{section.4.26}
\BOOKMARK [3][-]{subsubsection.4.26.1.1}{\376\377\000p\000o\000i\000n\000t\000I\000D}{subsection.4.26.1}
\BOOKMARK [3][-]{subsubsection.4.26.1.2}{\376\377\000t\000r\000a\000c\000k\000I\000D}{subsection.4.26.1}
\BOOKMARK [1][-]{section.4.27}{\376\377\000T\000r\000a\000c\000k\000<\000\040\000O\000b\000j\000e\000c\000t\000\040\000>\000:\000:\000V\000\040\000S\000t\000r\000u\000c\000t\000\040\000R\000e\000f\000e\000r\000e\000n\000c\000e}{chapter.4}
\BOOKMARK [2][-]{subsection.4.27.1}{\376\377\000M\000e\000m\000b\000e\000r\000\040\000D\000a\000t\000a\000\040\000D\000o\000c\000u\000m\000e\000n\000t\000a\000t\000i\000o\000n}{section.4.27}
\BOOKMARK [3][-]{subsubsection.4.27.1.1}{\376\377\000e\000d\000g\000e\000I\000D}{subsection.4.27.1}
\BOOKMARK [3][-]{subsubsection.4.27.1.2}{\376\377\000i\000d}{subsection.4.27.1}
\BOOKMARK [3][-]{subsubsection.4.27.1.3}{\376\377\000i\000s\000I\000n}{subsection.4.27.1}
\BOOKMARK [3][-]{subsubsection.4.27.1.4}{\376\377\000i\000s\000T\000r\000a\000c\000k}{subsection.4.27.1}
\BOOKMARK [3][-]{subsubsection.4.27.1.5}{\376\377\000n\000F\000r\000a\000m\000e}{subsection.4.27.1}
\BOOKMARK [3][-]{subsubsection.4.27.1.6}{\376\377\000n\000T\000r\000a\000c\000k}{subsection.4.27.1}
\BOOKMARK [3][-]{subsubsection.4.27.1.7}{\376\377\000p\000t\000r}{subsection.4.27.1}
\BOOKMARK [1][-]{section.4.28}{\376\377\000V\000c\000s\000h\000\040\000C\000l\000a\000s\000s\000\040\000R\000e\000f\000e\000r\000e\000n\000c\000e}{chapter.4}
\BOOKMARK [2][-]{subsection.4.28.1}{\376\377\000C\000o\000n\000s\000t\000r\000u\000c\000t\000o\000r\000\040\000\046\000\040\000D\000e\000s\000t\000r\000u\000c\000t\000o\000r\000\040\000D\000o\000c\000u\000m\000e\000n\000t\000a\000t\000i\000o\000n}{section.4.28}
\BOOKMARK [3][-]{subsubsection.4.28.1.1}{\376\377\000V\000c\000s\000h}{subsection.4.28.1}
\BOOKMARK [3][-]{subsubsection.4.28.1.2}{\376\377\000V\000c\000s\000h}{subsection.4.28.1}
\BOOKMARK [2][-]{subsection.4.28.2}{\376\377\000M\000e\000m\000b\000e\000r\000\040\000F\000u\000n\000c\000t\000i\000o\000n\000\040\000D\000o\000c\000u\000m\000e\000n\000t\000a\000t\000i\000o\000n}{section.4.28}
\BOOKMARK [3][-]{subsubsection.4.28.2.1}{\376\377\000a\000d\000d\000r\000g\000b}{subsection.4.28.2}
\BOOKMARK [2][-]{subsection.4.28.3}{\376\377\000M\000e\000m\000b\000e\000r\000\040\000D\000a\000t\000a\000\040\000D\000o\000c\000u\000m\000e\000n\000t\000a\000t\000i\000o\000n}{section.4.28}
\BOOKMARK [3][-]{subsubsection.4.28.3.1}{\376\377\000h\000i\000s\000t}{subsection.4.28.3}
\BOOKMARK [1][-]{section.4.29}{\376\377\000W\000e\000i\000g\000h\000t\000\040\000S\000t\000r\000u\000c\000t\000\040\000R\000e\000f\000e\000r\000e\000n\000c\000e}{chapter.4}
\BOOKMARK [2][-]{subsection.4.29.1}{\376\377\000M\000e\000m\000b\000e\000r\000\040\000D\000a\000t\000a\000\040\000D\000o\000c\000u\000m\000e\000n\000t\000a\000t\000i\000o\000n}{section.4.29}
\BOOKMARK [3][-]{subsubsection.4.29.1.1}{\376\377\000k\000l}{subsection.4.29.1}
\BOOKMARK [3][-]{subsubsection.4.29.1.2}{\376\377\000l\0002}{subsection.4.29.1}
\BOOKMARK [3][-]{subsubsection.4.29.1.3}{\376\377\000t\000y\000p\000e}{subsection.4.29.1}
\BOOKMARK [0][-]{chapter.5}{\376\377\000F\000i\000l\000e\000\040\000D\000o\000c\000u\000m\000e\000n\000t\000a\000t\000i\000o\000n}{}
\BOOKMARK [1][-]{section.5.1}{\376\377\000/\000h\000o\000m\000e\000/\000k\000o\000o\000s\000y\000/\000k\000o\000o\000s\000y\000w\000o\000r\000k\000/\000p\000m\000o\000t\000\137\000r\000e\000a\000l\000t\000i\000m\000e\000/\000p\000m\000o\000t\000\137\000r\000e\000a\000l\000t\000i\000m\000e\000/\000s\000r\000c\000/\000c\000o\000m\000m\000o\000n\000.\000h\000\040\000F\000i\000l\000e\000\040\000R\000e\000f\000e\000r\000e\000n\000c\000e}{chapter.5}
\BOOKMARK [2][-]{subsection.5.1.1}{\376\377\000T\000y\000p\000e\000d\000e\000f\000\040\000D\000o\000c\000u\000m\000e\000n\000t\000a\000t\000i\000o\000n}{section.5.1}
\BOOKMARK [3][-]{subsubsection.5.1.1.1}{\376\377\000C\000l\000o\000u\000d}{subsection.5.1.1}
\BOOKMARK [3][-]{subsubsection.5.1.1.2}{\376\377\000C\000l\000o\000u\000d\000C\000o\000n\000s\000t\000P\000t\000r}{subsection.5.1.1}
\BOOKMARK [3][-]{subsubsection.5.1.1.3}{\376\377\000C\000l\000o\000u\000d\000N}{subsection.5.1.1}
\BOOKMARK [3][-]{subsubsection.5.1.1.4}{\376\377\000C\000l\000o\000u\000d\000N\000P\000t\000r}{subsection.5.1.1}
\BOOKMARK [3][-]{subsubsection.5.1.1.5}{\376\377\000C\000l\000o\000u\000d\000P\000t\000r}{subsection.5.1.1}
\BOOKMARK [3][-]{subsubsection.5.1.1.6}{\376\377\000P\000o\000i\000n\000t\000N\000T}{subsection.5.1.1}
\BOOKMARK [3][-]{subsubsection.5.1.1.7}{\376\377\000P\000o\000i\000n\000t\000T}{subsection.5.1.1}
\BOOKMARK [2][-]{subsection.5.1.2}{\376\377\000F\000u\000n\000c\000t\000i\000o\000n\000\040\000D\000o\000c\000u\000m\000e\000n\000t\000a\000t\000i\000o\000n}{section.5.1}
\BOOKMARK [3][-]{subsubsection.5.1.2.1}{\376\377\000c\000o\000l\000o\000r\000d\000i\000s\000t}{subsection.5.1.2}
\BOOKMARK [3][-]{subsubsection.5.1.2.2}{\376\377\000r\000g\000b\000T\000o\000h\000s\000v}{subsection.5.1.2}
\BOOKMARK [1][-]{section.5.2}{\376\377\000/\000h\000o\000m\000e\000/\000k\000o\000o\000s\000y\000/\000k\000o\000o\000s\000y\000w\000o\000r\000k\000/\000p\000m\000o\000t\000\137\000r\000e\000a\000l\000t\000i\000m\000e\000/\000p\000m\000o\000t\000\137\000r\000e\000a\000l\000t\000i\000m\000e\000/\000s\000r\000c\000/\000c\000s\000f\000e\000a\000t\000u\000r\000e\000.\000c\000p\000p\000\040\000F\000i\000l\000e\000\040\000R\000e\000f\000e\000r\000e\000n\000c\000e}{chapter.5}
\BOOKMARK [1][-]{section.5.3}{\376\377\000/\000h\000o\000m\000e\000/\000k\000o\000o\000s\000y\000/\000k\000o\000o\000s\000y\000w\000o\000r\000k\000/\000p\000m\000o\000t\000\137\000r\000e\000a\000l\000t\000i\000m\000e\000/\000p\000m\000o\000t\000\137\000r\000e\000a\000l\000t\000i\000m\000e\000/\000s\000r\000c\000/\000c\000s\000f\000e\000a\000t\000u\000r\000e\000.\000h\000\040\000F\000i\000l\000e\000\040\000R\000e\000f\000e\000r\000e\000n\000c\000e}{chapter.5}
\BOOKMARK [1][-]{section.5.4}{\376\377\000/\000h\000o\000m\000e\000/\000k\000o\000o\000s\000y\000/\000k\000o\000o\000s\000y\000w\000o\000r\000k\000/\000p\000m\000o\000t\000\137\000r\000e\000a\000l\000t\000i\000m\000e\000/\000p\000m\000o\000t\000\137\000r\000e\000a\000l\000t\000i\000m\000e\000/\000s\000r\000c\000/\000c\000s\000g\000p\000u\000.\000h\000\040\000F\000i\000l\000e\000\040\000R\000e\000f\000e\000r\000e\000n\000c\000e}{chapter.5}
\BOOKMARK [1][-]{section.5.5}{\376\377\000/\000h\000o\000m\000e\000/\000k\000o\000o\000s\000y\000/\000k\000o\000o\000s\000y\000w\000o\000r\000k\000/\000p\000m\000o\000t\000\137\000r\000e\000a\000l\000t\000i\000m\000e\000/\000p\000m\000o\000t\000\137\000r\000e\000a\000l\000t\000i\000m\000e\000/\000s\000r\000c\000/\000g\000a\000u\000s\000s\000i\000a\000n\000.\000c\000p\000p\000\040\000F\000i\000l\000e\000\040\000R\000e\000f\000e\000r\000e\000n\000c\000e}{chapter.5}
\BOOKMARK [1][-]{section.5.6}{\376\377\000/\000h\000o\000m\000e\000/\000k\000o\000o\000s\000y\000/\000k\000o\000o\000s\000y\000w\000o\000r\000k\000/\000p\000m\000o\000t\000\137\000r\000e\000a\000l\000t\000i\000m\000e\000/\000p\000m\000o\000t\000\137\000r\000e\000a\000l\000t\000i\000m\000e\000/\000s\000r\000c\000/\000g\000a\000u\000s\000s\000i\000a\000n\000.\000h\000\040\000F\000i\000l\000e\000\040\000R\000e\000f\000e\000r\000e\000n\000c\000e}{chapter.5}
\BOOKMARK [2][-]{subsection.5.6.1}{\376\377\000T\000y\000p\000e\000d\000e\000f\000\040\000D\000o\000c\000u\000m\000e\000n\000t\000a\000t\000i\000o\000n}{section.5.6}
\BOOKMARK [3][-]{subsubsection.5.6.1.1}{\376\377\000C\000l\000o\000u\000d}{subsection.5.6.1}
\BOOKMARK [3][-]{subsubsection.5.6.1.2}{\376\377\000C\000l\000o\000u\000d\000C\000o\000n\000s\000t\000P\000t\000r}{subsection.5.6.1}
\BOOKMARK [3][-]{subsubsection.5.6.1.3}{\376\377\000C\000l\000o\000u\000d\000P\000t\000r}{subsection.5.6.1}
\BOOKMARK [3][-]{subsubsection.5.6.1.4}{\376\377\000P\000o\000i\000n\000t\000s}{subsection.5.6.1}
\BOOKMARK [3][-]{subsubsection.5.6.1.5}{\376\377\000P\000o\000i\000n\000t\000T}{subsection.5.6.1}
\BOOKMARK [1][-]{section.5.7}{\376\377\000/\000h\000o\000m\000e\000/\000k\000o\000o\000s\000y\000/\000k\000o\000o\000s\000y\000w\000o\000r\000k\000/\000p\000m\000o\000t\000\137\000r\000e\000a\000l\000t\000i\000m\000e\000/\000p\000m\000o\000t\000\137\000r\000e\000a\000l\000t\000i\000m\000e\000/\000s\000r\000c\000/\000g\000a\000u\000s\000s\000i\000a\000n\000t\000r\000a\000c\000k\000c\000o\000n\000t\000a\000i\000n\000e\000r\000.\000c\000p\000p\000\040\000F\000i\000l\000e\000\040\000R\000e\000f\000e\000r\000e\000n\000c\000e}{chapter.5}
\BOOKMARK [1][-]{section.5.8}{\376\377\000/\000h\000o\000m\000e\000/\000k\000o\000o\000s\000y\000/\000k\000o\000o\000s\000y\000w\000o\000r\000k\000/\000p\000m\000o\000t\000\137\000r\000e\000a\000l\000t\000i\000m\000e\000/\000p\000m\000o\000t\000\137\000r\000e\000a\000l\000t\000i\000m\000e\000/\000s\000r\000c\000/\000g\000a\000u\000s\000s\000i\000a\000n\000t\000r\000a\000c\000k\000c\000o\000n\000t\000a\000i\000n\000e\000r\000.\000h\000\040\000F\000i\000l\000e\000\040\000R\000e\000f\000e\000r\000e\000n\000c\000e}{chapter.5}
\BOOKMARK [1][-]{section.5.9}{\376\377\000/\000h\000o\000m\000e\000/\000k\000o\000o\000s\000y\000/\000k\000o\000o\000s\000y\000w\000o\000r\000k\000/\000p\000m\000o\000t\000\137\000r\000e\000a\000l\000t\000i\000m\000e\000/\000p\000m\000o\000t\000\137\000r\000e\000a\000l\000t\000i\000m\000e\000/\000s\000r\000c\000/\000i\000m\000f\000t\000.\000h\000\040\000F\000i\000l\000e\000\040\000R\000e\000f\000e\000r\000e\000n\000c\000e}{chapter.5}
\BOOKMARK [2][-]{subsection.5.9.1}{\376\377\000D\000e\000f\000i\000n\000e\000\040\000D\000o\000c\000u\000m\000e\000n\000t\000a\000t\000i\000o\000n}{section.5.9}
\BOOKMARK [3][-]{subsubsection.5.9.1.1}{\376\377\000M\000A\000X\000W\000E\000I\000G\000H\000T}{subsection.5.9.1}
\BOOKMARK [1][-]{section.5.10}{\376\377\000/\000h\000o\000m\000e\000/\000k\000o\000o\000s\000y\000/\000k\000o\000o\000s\000y\000w\000o\000r\000k\000/\000p\000m\000o\000t\000\137\000r\000e\000a\000l\000t\000i\000m\000e\000/\000p\000m\000o\000t\000\137\000r\000e\000a\000l\000t\000i\000m\000e\000/\000s\000r\000c\000/\000i\000m\000f\000t\000.\000h\000p\000p\000\040\000F\000i\000l\000e\000\040\000R\000e\000f\000e\000r\000e\000n\000c\000e}{chapter.5}
\BOOKMARK [1][-]{section.5.11}{\376\377\000/\000h\000o\000m\000e\000/\000k\000o\000o\000s\000y\000/\000k\000o\000o\000s\000y\000w\000o\000r\000k\000/\000p\000m\000o\000t\000\137\000r\000e\000a\000l\000t\000i\000m\000e\000/\000p\000m\000o\000t\000\137\000r\000e\000a\000l\000t\000i\000m\000e\000/\000s\000r\000c\000/\000m\000a\000i\000n\000.\000c\000p\000p\000\040\000F\000i\000l\000e\000\040\000R\000e\000f\000e\000r\000e\000n\000c\000e}{chapter.5}
\BOOKMARK [2][-]{subsection.5.11.1}{\376\377\000F\000u\000n\000c\000t\000i\000o\000n\000\040\000D\000o\000c\000u\000m\000e\000n\000t\000a\000t\000i\000o\000n}{section.5.11}
\BOOKMARK [3][-]{subsubsection.5.11.1.1}{\376\377\000c\000b\000\137\000r\000g\000b}{subsection.5.11.1}
\BOOKMARK [3][-]{subsubsection.5.11.1.2}{\376\377\000c\000u\000t\000t\000i\000n\000g\000R\000a\000n\000g\000e}{subsection.5.11.1}
\BOOKMARK [3][-]{subsubsection.5.11.1.3}{\376\377\000d\000o\000w\000n\000s\000a\000m\000p\000l\000i\000n\000g}{subsection.5.11.1}
\BOOKMARK [3][-]{subsubsection.5.11.1.4}{\376\377\000m\000a\000i\000n}{subsection.5.11.1}
\BOOKMARK [3][-]{subsubsection.5.11.1.5}{\376\377\000p\000l\000a\000n\000e\000E\000x\000t\000r\000a\000c\000t\000i\000o\000n}{subsection.5.11.1}
\BOOKMARK [3][-]{subsubsection.5.11.1.6}{\376\377\000r\000e\000a\000d\000P\000a\000r\000a\000m\000e\000t\000e\000r\000s}{subsection.5.11.1}
\BOOKMARK [3][-]{subsubsection.5.11.1.7}{\376\377\000t\000r\000a\000n\000s\000f\000o\000r\000m}{subsection.5.11.1}
\BOOKMARK [3][-]{subsubsection.5.11.1.8}{\376\377\000w\000o\000r\000k\000i\000n\000g\000s\000p\000a\000c\000e}{subsection.5.11.1}
\BOOKMARK [2][-]{subsection.5.11.2}{\376\377\000V\000a\000r\000i\000a\000b\000l\000e\000\040\000D\000o\000c\000u\000m\000e\000n\000t\000a\000t\000i\000o\000n}{section.5.11}
\BOOKMARK [3][-]{subsubsection.5.11.2.1}{\376\377\000c\000o\000m\000p\000u\000t\000a\000t\000i\000o\000n\000T}{subsection.5.11.2}
\BOOKMARK [3][-]{subsubsection.5.11.2.2}{\376\377\000c\000o\000n\000t\000\137\000s\000a\000m\000p\000l\000i\000n\000g}{subsection.5.11.2}
\BOOKMARK [3][-]{subsubsection.5.11.2.3}{\376\377\000c\000o\000n\000t\000\137\000s\000i\000m\000p\000l\000i\000f\000y}{subsection.5.11.2}
\BOOKMARK [3][-]{subsubsection.5.11.2.4}{\376\377\000i\000s\000d\000e\000b\000u\000g}{subsection.5.11.2}
\BOOKMARK [3][-]{subsubsection.5.11.2.5}{\376\377\000l\000a\000s\000t\000T}{subsection.5.11.2}
\BOOKMARK [3][-]{subsubsection.5.11.2.6}{\376\377\000n\000o\000w\000T}{subsection.5.11.2}
\BOOKMARK [3][-]{subsubsection.5.11.2.7}{\376\377\000p\000a\000r\000a\000m\000\137\0003\000d\0006\000d}{subsection.5.11.2}
\BOOKMARK [3][-]{subsubsection.5.11.2.8}{\376\377\000p\000a\000r\000a\000m\000\137\000b\000u\000f\000f\000e\000r\000n\000u\000m}{subsection.5.11.2}
\BOOKMARK [3][-]{subsubsection.5.11.2.9}{\376\377\000p\000a\000r\000a\000m\000\137\000f\000i\000l\000t\000e\000r\000i\000n\000g\000\137\000r\000a\000n\000g\000e}{subsection.5.11.2}
\BOOKMARK [3][-]{subsubsection.5.11.2.10}{\376\377\000p\000a\000r\000a\000m\000\137\000f\000r\000a\000m\000e\000\137\000i\000d}{subsection.5.11.2}
\BOOKMARK [3][-]{subsubsection.5.11.2.11}{\376\377\000p\000a\000r\000a\000m\000\137\000p\000u\000b\000\137\000g\000m\000m\000r\000e\000g\000\137\000m\000o\000d\000e\000l}{subsection.5.11.2}
\BOOKMARK [3][-]{subsubsection.5.11.2.12}{\376\377\000p\000a\000r\000a\000m\000\137\000p\000u\000b\000\137\000g\000m\000m\000r\000e\000g\000\137\000s\000c\000e\000n\000e}{subsection.5.11.2}
\BOOKMARK [3][-]{subsubsection.5.11.2.13}{\376\377\000p\000a\000r\000a\000m\000\137\000p\000u\000b\000\137\000m\000a\000r\000k\000e\000r\000s\000\137\000e\000d\000g\000e\000s}{subsection.5.11.2}
\BOOKMARK [3][-]{subsubsection.5.11.2.14}{\376\377\000p\000a\000r\000a\000m\000\137\000p\000u\000b\000\137\000m\000a\000r\000k\000e\000r\000s\000\137\000g\000a\000u\000s\000s\000i\000a\000n\000s}{subsection.5.11.2}
\BOOKMARK [3][-]{subsubsection.5.11.2.15}{\376\377\000p\000a\000r\000a\000m\000\137\000p\000u\000b\000\137\000m\000a\000r\000k\000e\000r\000s\000\137\000g\000m\000m\000s}{subsection.5.11.2}
\BOOKMARK [3][-]{subsubsection.5.11.2.16}{\376\377\000p\000a\000r\000a\000m\000\137\000p\000u\000b\000\137\000m\000a\000r\000k\000e\000r\000s\000\137\000t\000r\000a\000c\000k\000I\000D}{subsection.5.11.2}
\BOOKMARK [3][-]{subsubsection.5.11.2.17}{\376\377\000p\000a\000r\000a\000m\000\137\000p\000u\000b\000\137\000p\000o\000i\000n\000t\000s\000\137\000f\000i\000l\000t\000e\000r\000e\000d}{subsection.5.11.2}
\BOOKMARK [3][-]{subsubsection.5.11.2.18}{\376\377\000p\000a\000r\000a\000m\000\137\000p\000u\000b\000\137\000p\000o\000i\000n\000t\000s\000\137\000s\000e\000g\000m\000e\000n\000t\000e\000d}{subsection.5.11.2}
\BOOKMARK [3][-]{subsubsection.5.11.2.19}{\376\377\000p\000a\000r\000a\000m\000\137\000p\000u\000b\000\137\000p\000o\000i\000n\000t\000s\000\137\000t\000r\000a\000c\000k\000I\000D}{subsection.5.11.2}
\BOOKMARK [3][-]{subsubsection.5.11.2.20}{\376\377\000p\000a\000r\000a\000m\000\137\000s\000a\000m\000p\000l\000i\000n\000g\000R\000a\000t\000i\000o}{subsection.5.11.2}
\BOOKMARK [3][-]{subsubsection.5.11.2.21}{\376\377\000p\000a\000r\000a\000m\000\137\000s\000e\000g\000m\000e\000n\000t\000T\000o\000l\000e\000r\000a\000n\000c\000e}{subsection.5.11.2}
\BOOKMARK [3][-]{subsubsection.5.11.2.22}{\376\377\000p\000a\000r\000a\000m\000\137\000s\000i\000m\000p\000l\000i\000f\000y\000R\000a\000t\000i\000o}{subsection.5.11.2}
\BOOKMARK [3][-]{subsubsection.5.11.2.23}{\376\377\000p\000a\000r\000a\000m\000\137\000s\000u\000b\000\137\000t\000o\000p\000i\000c}{subsection.5.11.2}
\BOOKMARK [3][-]{subsubsection.5.11.2.24}{\376\377\000p\000a\000r\000a\000m\000\137\000w\000o\000r\000k\000s\000p\000a\000c\000e\000\137\000h\000e\000i\000g\000h\000t}{subsection.5.11.2}
\BOOKMARK [3][-]{subsubsection.5.11.2.25}{\376\377\000p\000a\000r\000a\000m\000\137\000w\000o\000r\000k\000s\000p\000a\000c\000e\000\137\000t\000o\000p\000i\000c}{subsection.5.11.2}
\BOOKMARK [3][-]{subsubsection.5.11.2.26}{\376\377\000p\000a\000r\000a\000m\000\137\000w\000o\000r\000k\000s\000p\000a\000c\000e\000\137\000w\000i\000d\000t\000h}{subsection.5.11.2}
\BOOKMARK [3][-]{subsubsection.5.11.2.27}{\376\377\000p\000a\000r\000a\000m\000\137\000w\000o\000r\000k\000s\000p\000a\000c\000e\000\137\000x}{subsection.5.11.2}
\BOOKMARK [3][-]{subsubsection.5.11.2.28}{\376\377\000p\000a\000r\000a\000m\000\137\000w\000o\000r\000k\000s\000p\000a\000c\000e\000\137\000y}{subsection.5.11.2}
\BOOKMARK [3][-]{subsubsection.5.11.2.29}{\376\377\000p\000a\000r\000a\000m\000\137\000w\000o\000r\000k\000s\000p\000a\000c\000e\000\137\000z}{subsection.5.11.2}
\BOOKMARK [3][-]{subsubsection.5.11.2.30}{\376\377\000p\000a\000r\000a\000m\000\137\000w\000o\000r\000k\000s\000p\000a\000c\000e\000\137\000z\000h\000e\000i\000g\000h\000t}{subsection.5.11.2}
\BOOKMARK [3][-]{subsubsection.5.11.2.31}{\376\377\000p\000C\000l\000o\000u\000d}{subsection.5.11.2}
\BOOKMARK [3][-]{subsubsection.5.11.2.32}{\376\377\000p\000C\000l\000o\000u\000d\000\137\000i\000n\000p\000u\000t}{subsection.5.11.2}
\BOOKMARK [3][-]{subsubsection.5.11.2.33}{\376\377\000p\000c\000t\000r\000a\000c\000k\000i\000n\000g}{subsection.5.11.2}
\BOOKMARK [3][-]{subsubsection.5.11.2.34}{\376\377\000p\000u\000b\000\137\000e\000d\000g\000e\000s}{subsection.5.11.2}
\BOOKMARK [3][-]{subsubsection.5.11.2.35}{\376\377\000p\000u\000b\000\137\000f\000i\000l\000t\000e\000r\000e\000d}{subsection.5.11.2}
\BOOKMARK [3][-]{subsubsection.5.11.2.36}{\376\377\000p\000u\000b\000\137\000g\000a\000u\000s\000s\000i\000a\000n\000s}{subsection.5.11.2}
\BOOKMARK [3][-]{subsubsection.5.11.2.37}{\376\377\000p\000u\000b\000\137\000g\000m\000m\000s}{subsection.5.11.2}
\BOOKMARK [3][-]{subsubsection.5.11.2.38}{\376\377\000p\000u\000b\000\137\000l\000a\000s\000t\000m\000o\000d\000e\000l}{subsection.5.11.2}
\BOOKMARK [3][-]{subsubsection.5.11.2.39}{\376\377\000p\000u\000b\000\137\000m\000o\000d\000e\000l}{subsection.5.11.2}
\BOOKMARK [3][-]{subsubsection.5.11.2.40}{\376\377\000p\000u\000b\000\137\000p\000a\000r\000t\000i\000c\000l\000e\000s}{subsection.5.11.2}
\BOOKMARK [3][-]{subsubsection.5.11.2.41}{\376\377\000p\000u\000b\000\137\000s\000c\000e\000n\000e}{subsection.5.11.2}
\BOOKMARK [3][-]{subsubsection.5.11.2.42}{\376\377\000p\000u\000b\000\137\000s\000e\000g\000m\000e\000n\000t\000e\000d}{subsection.5.11.2}
\BOOKMARK [3][-]{subsubsection.5.11.2.43}{\376\377\000p\000u\000b\000\137\000t\000r\000a\000c\000k}{subsection.5.11.2}
\BOOKMARK [3][-]{subsubsection.5.11.2.44}{\376\377\000p\000u\000b\000\137\000t\000r\000a\000c\000k\000I\000D}{subsection.5.11.2}
\BOOKMARK [3][-]{subsubsection.5.11.2.45}{\376\377\000p\000u\000b\000\137\000w\000o\000r\000k\000s\000p\000a\000c\000e}{subsection.5.11.2}
\BOOKMARK [3][-]{subsubsection.5.11.2.46}{\376\377\000s\000u\000m\000E\000r\000r\000o\000r\000P\000o\000i\000n\000t}{subsection.5.11.2}
\BOOKMARK [3][-]{subsubsection.5.11.2.47}{\376\377\000s\000u\000m\000T\000o\000t\000a\000l\000P\000o\000i\000n\000t}{subsection.5.11.2}
\BOOKMARK [3][-]{subsubsection.5.11.2.48}{\376\377\000s\000u\000m\000T\000r\000u\000e\000P\000o\000i\000n\000t}{subsection.5.11.2}
\BOOKMARK [3][-]{subsubsection.5.11.2.49}{\376\377\000t\000f\000\137\000l\000i\000s\000t\000e\000n\000e\000r}{subsection.5.11.2}
\BOOKMARK [3][-]{subsubsection.5.11.2.50}{\376\377\000w\000o\000r\000k\000s\000p\000a\000c\000e}{subsection.5.11.2}
\BOOKMARK [1][-]{section.5.12}{\376\377\000/\000h\000o\000m\000e\000/\000k\000o\000o\000s\000y\000/\000k\000o\000o\000s\000y\000w\000o\000r\000k\000/\000p\000m\000o\000t\000\137\000r\000e\000a\000l\000t\000i\000m\000e\000/\000p\000m\000o\000t\000\137\000r\000e\000a\000l\000t\000i\000m\000e\000/\000s\000r\000c\000/\000p\000a\000r\000t\000i\000c\000l\000e\000p\000o\000s\000e\000.\000c\000p\000p\000\040\000F\000i\000l\000e\000\040\000R\000e\000f\000e\000r\000e\000n\000c\000e}{chapter.5}
\BOOKMARK [1][-]{section.5.13}{\376\377\000/\000h\000o\000m\000e\000/\000k\000o\000o\000s\000y\000/\000k\000o\000o\000s\000y\000w\000o\000r\000k\000/\000p\000m\000o\000t\000\137\000r\000e\000a\000l\000t\000i\000m\000e\000/\000p\000m\000o\000t\000\137\000r\000e\000a\000l\000t\000i\000m\000e\000/\000s\000r\000c\000/\000p\000a\000r\000t\000i\000c\000l\000e\000p\000o\000s\000e\000.\000h\000\040\000F\000i\000l\000e\000\040\000R\000e\000f\000e\000r\000e\000n\000c\000e}{chapter.5}
\BOOKMARK [1][-]{section.5.14}{\376\377\000/\000h\000o\000m\000e\000/\000k\000o\000o\000s\000y\000/\000k\000o\000o\000s\000y\000w\000o\000r\000k\000/\000p\000m\000o\000t\000\137\000r\000e\000a\000l\000t\000i\000m\000e\000/\000p\000m\000o\000t\000\137\000r\000e\000a\000l\000t\000i\000m\000e\000/\000s\000r\000c\000/\000p\000c\000o\000b\000j\000e\000c\000t\000.\000c\000p\000p\000\040\000F\000i\000l\000e\000\040\000R\000e\000f\000e\000r\000e\000n\000c\000e}{chapter.5}
\BOOKMARK [2][-]{subsection.5.14.1}{\376\377\000D\000e\000f\000i\000n\000e\000\040\000D\000o\000c\000u\000m\000e\000n\000t\000a\000t\000i\000o\000n}{section.5.14}
\BOOKMARK [3][-]{subsubsection.5.14.1.1}{\376\377\000p\000i}{subsection.5.14.1}
\BOOKMARK [2][-]{subsection.5.14.2}{\376\377\000V\000a\000r\000i\000a\000b\000l\000e\000\040\000D\000o\000c\000u\000m\000e\000n\000t\000a\000t\000i\000o\000n}{section.5.14}
\BOOKMARK [3][-]{subsubsection.5.14.2.1}{\376\377\000i\000s\000D\000e\000b\000u\000g}{subsection.5.14.2}
\BOOKMARK [1][-]{section.5.15}{\376\377\000/\000h\000o\000m\000e\000/\000k\000o\000o\000s\000y\000/\000k\000o\000o\000s\000y\000w\000o\000r\000k\000/\000p\000m\000o\000t\000\137\000r\000e\000a\000l\000t\000i\000m\000e\000/\000p\000m\000o\000t\000\137\000r\000e\000a\000l\000t\000i\000m\000e\000/\000s\000r\000c\000/\000p\000c\000o\000b\000j\000e\000c\000t\000.\000h\000\040\000F\000i\000l\000e\000\040\000R\000e\000f\000e\000r\000e\000n\000c\000e}{chapter.5}
\BOOKMARK [2][-]{subsection.5.15.1}{\376\377\000D\000e\000f\000i\000n\000e\000\040\000D\000o\000c\000u\000m\000e\000n\000t\000a\000t\000i\000o\000n}{section.5.15}
\BOOKMARK [3][-]{subsubsection.5.15.1.1}{\376\377\000M\000I\000N\000\137\000W\000E\000I\000G\000H\000T\000\137\000R\000A\000T\000I\000O}{subsection.5.15.1}
\BOOKMARK [2][-]{subsection.5.15.2}{\376\377\000E\000n\000u\000m\000e\000r\000a\000t\000i\000o\000n\000\040\000T\000y\000p\000e\000\040\000D\000o\000c\000u\000m\000e\000n\000t\000a\000t\000i\000o\000n}{section.5.15}
\BOOKMARK [3][-]{subsubsection.5.15.2.1}{\376\377\000S\000I\000M\000P\000L\000E}{subsection.5.15.2}
\BOOKMARK [3][-]{subsubsection.5.15.2.2}{\376\377\000S\000T\000A\000T\000E}{subsection.5.15.2}
\BOOKMARK [1][-]{section.5.16}{\376\377\000/\000h\000o\000m\000e\000/\000k\000o\000o\000s\000y\000/\000k\000o\000o\000s\000y\000w\000o\000r\000k\000/\000p\000m\000o\000t\000\137\000r\000e\000a\000l\000t\000i\000m\000e\000/\000p\000m\000o\000t\000\137\000r\000e\000a\000l\000t\000i\000m\000e\000/\000s\000r\000c\000/\000p\000c\000o\000b\000j\000e\000c\000t\000c\000o\000n\000t\000a\000i\000n\000e\000r\000.\000c\000p\000p\000\040\000F\000i\000l\000e\000\040\000R\000e\000f\000e\000r\000e\000n\000c\000e}{chapter.5}
\BOOKMARK [1][-]{section.5.17}{\376\377\000/\000h\000o\000m\000e\000/\000k\000o\000o\000s\000y\000/\000k\000o\000o\000s\000y\000w\000o\000r\000k\000/\000p\000m\000o\000t\000\137\000r\000e\000a\000l\000t\000i\000m\000e\000/\000p\000m\000o\000t\000\137\000r\000e\000a\000l\000t\000i\000m\000e\000/\000s\000r\000c\000/\000p\000c\000o\000b\000j\000e\000c\000t\000c\000o\000n\000t\000a\000i\000n\000e\000r\000.\000h\000\040\000F\000i\000l\000e\000\040\000R\000e\000f\000e\000r\000e\000n\000c\000e}{chapter.5}
\BOOKMARK [1][-]{section.5.18}{\376\377\000/\000h\000o\000m\000e\000/\000k\000o\000o\000s\000y\000/\000k\000o\000o\000s\000y\000w\000o\000r\000k\000/\000p\000m\000o\000t\000\137\000r\000e\000a\000l\000t\000i\000m\000e\000/\000p\000m\000o\000t\000\137\000r\000e\000a\000l\000t\000i\000m\000e\000/\000s\000r\000c\000/\000p\000c\000t\000r\000a\000c\000k\000c\000o\000n\000t\000a\000i\000n\000e\000r\000.\000c\000p\000p\000\040\000F\000i\000l\000e\000\040\000R\000e\000f\000e\000r\000e\000n\000c\000e}{chapter.5}
\BOOKMARK [1][-]{section.5.19}{\376\377\000/\000h\000o\000m\000e\000/\000k\000o\000o\000s\000y\000/\000k\000o\000o\000s\000y\000w\000o\000r\000k\000/\000p\000m\000o\000t\000\137\000r\000e\000a\000l\000t\000i\000m\000e\000/\000p\000m\000o\000t\000\137\000r\000e\000a\000l\000t\000i\000m\000e\000/\000s\000r\000c\000/\000p\000c\000t\000r\000a\000c\000k\000c\000o\000n\000t\000a\000i\000n\000e\000r\000.\000h\000\040\000F\000i\000l\000e\000\040\000R\000e\000f\000e\000r\000e\000n\000c\000e}{chapter.5}
\BOOKMARK [2][-]{subsection.5.19.1}{\376\377\000D\000e\000f\000i\000n\000e\000\040\000D\000o\000c\000u\000m\000e\000n\000t\000a\000t\000i\000o\000n}{section.5.19}
\BOOKMARK [3][-]{subsubsection.5.19.1.1}{\376\377\000P\000I}{subsection.5.19.1}
\BOOKMARK [1][-]{section.5.20}{\376\377\000/\000h\000o\000m\000e\000/\000k\000o\000o\000s\000y\000/\000k\000o\000o\000s\000y\000w\000o\000r\000k\000/\000p\000m\000o\000t\000\137\000r\000e\000a\000l\000t\000i\000m\000e\000/\000p\000m\000o\000t\000\137\000r\000e\000a\000l\000t\000i\000m\000e\000/\000s\000r\000c\000/\000p\000c\000t\000r\000a\000c\000k\000i\000n\000g\000.\000c\000p\000p\000\040\000F\000i\000l\000e\000\040\000R\000e\000f\000e\000r\000e\000n\000c\000e}{chapter.5}
\BOOKMARK [2][-]{subsection.5.20.1}{\376\377\000V\000a\000r\000i\000a\000b\000l\000e\000\040\000D\000o\000c\000u\000m\000e\000n\000t\000a\000t\000i\000o\000n}{section.5.20}
\BOOKMARK [3][-]{subsubsection.5.20.1.1}{\376\377\000i\000s\000D\000e\000b\000u\000g\000\137\000c\000o\000m\000p}{subsection.5.20.1}
\BOOKMARK [1][-]{section.5.21}{\376\377\000/\000h\000o\000m\000e\000/\000k\000o\000o\000s\000y\000/\000k\000o\000o\000s\000y\000w\000o\000r\000k\000/\000p\000m\000o\000t\000\137\000r\000e\000a\000l\000t\000i\000m\000e\000/\000p\000m\000o\000t\000\137\000r\000e\000a\000l\000t\000i\000m\000e\000/\000s\000r\000c\000/\000p\000c\000t\000r\000a\000c\000k\000i\000n\000g\000.\000h\000\040\000F\000i\000l\000e\000\040\000R\000e\000f\000e\000r\000e\000n\000c\000e}{chapter.5}
\BOOKMARK [2][-]{subsection.5.21.1}{\376\377\000D\000e\000f\000i\000n\000e\000\040\000D\000o\000c\000u\000m\000e\000n\000t\000a\000t\000i\000o\000n}{section.5.21}
\BOOKMARK [3][-]{subsubsection.5.21.1.1}{\376\377\000F\000P\000S\000\137\000C\000A\000L\000C}{subsection.5.21.1}
\BOOKMARK [3][-]{subsubsection.5.21.1.2}{\376\377\000L\0002\000C\000U\000T}{subsection.5.21.1}
\BOOKMARK [3][-]{subsubsection.5.21.1.3}{\376\377\000p\000i}{subsection.5.21.1}
\BOOKMARK [3][-]{subsubsection.5.21.1.4}{\376\377\000S\000Q\000R}{subsection.5.21.1}
\BOOKMARK [2][-]{subsection.5.21.2}{\376\377\000T\000y\000p\000e\000d\000e\000f\000\040\000D\000o\000c\000u\000m\000e\000n\000t\000a\000t\000i\000o\000n}{section.5.21}
\BOOKMARK [3][-]{subsubsection.5.21.2.1}{\376\377\000V\000e\000c\000O\000b\000j\000e\000c\000t}{subsection.5.21.2}
\BOOKMARK [3][-]{subsubsection.5.21.2.2}{\376\377\000V\000e\000c\000O\000b\000j\000e\000c\000t\000P\000t\000r}{subsection.5.21.2}
\BOOKMARK [2][-]{subsection.5.21.3}{\376\377\000E\000n\000u\000m\000e\000r\000a\000t\000i\000o\000n\000\040\000T\000y\000p\000e\000\040\000D\000o\000c\000u\000m\000e\000n\000t\000a\000t\000i\000o\000n}{section.5.21}
\BOOKMARK [3][-]{subsubsection.5.21.3.1}{\376\377\000T\000i\000m\000e}{subsection.5.21.3}
\BOOKMARK [3][-]{subsubsection.5.21.3.2}{\376\377\000T\000y\000p\000e}{subsection.5.21.3}
\BOOKMARK [1][-]{section.5.22}{\376\377\000/\000h\000o\000m\000e\000/\000k\000o\000o\000s\000y\000/\000k\000o\000o\000s\000y\000w\000o\000r\000k\000/\000p\000m\000o\000t\000\137\000r\000e\000a\000l\000t\000i\000m\000e\000/\000p\000m\000o\000t\000\137\000r\000e\000a\000l\000t\000i\000m\000e\000/\000s\000r\000c\000/\000p\000c\000t\000r\000a\000c\000k\000i\000n\000g\000\137\000w\000e\000i\000g\000h\000t\000.\000c\000p\000p\000\040\000F\000i\000l\000e\000\040\000R\000e\000f\000e\000r\000e\000n\000c\000e}{chapter.5}
\BOOKMARK [2][-]{subsection.5.22.1}{\376\377\000F\000u\000n\000c\000t\000i\000o\000n\000\040\000D\000o\000c\000u\000m\000e\000n\000t\000a\000t\000i\000o\000n}{section.5.22}
\BOOKMARK [3][-]{subsubsection.5.22.1.1}{\376\377\000w\000e\000i\000g\000h\000t\000\137\000g\000a\000u\000s\000s\000i\000a\000n\000\137\000p\000r\000e\000d\000i\000c\000t\000i\000v\000e\000\137\000r\000e\000v}{subsection.5.22.1}
\BOOKMARK [3][-]{subsubsection.5.22.1.2}{\376\377\000w\000e\000i\000g\000h\000t\000\137\000l\0002\000\137\000g\000a\000u\000s\000s}{subsection.5.22.1}
\BOOKMARK [3][-]{subsubsection.5.22.1.3}{\376\377\000w\000e\000i\000g\000h\000t\000\137\000l\0002\000\137\000r\000e\000v}{subsection.5.22.1}
\BOOKMARK [3][-]{subsubsection.5.22.1.4}{\376\377\000w\000e\000i\000g\000h\000t\000\137\000l\000o\000c}{subsection.5.22.1}
\BOOKMARK [3][-]{subsubsection.5.22.1.5}{\376\377\000w\000e\000i\000g\000h\000t\000\137\000s\000y\000m\000k\000l\000\137\000g\000a\000u\000s\000s}{subsection.5.22.1}
\BOOKMARK [3][-]{subsubsection.5.22.1.6}{\376\377\000w\000e\000i\000g\000h\000t\000\137\000u\000n\000s\000y\000m\000k\000l\000\137\000g\000a\000u\000s\000s}{subsection.5.22.1}
\BOOKMARK [1][-]{section.5.23}{\376\377\000/\000h\000o\000m\000e\000/\000k\000o\000o\000s\000y\000/\000k\000o\000o\000s\000y\000w\000o\000r\000k\000/\000p\000m\000o\000t\000\137\000r\000e\000a\000l\000t\000i\000m\000e\000/\000p\000m\000o\000t\000\137\000r\000e\000a\000l\000t\000i\000m\000e\000/\000s\000r\000c\000/\000p\000c\000t\000r\000a\000c\000k\000i\000n\000g\000\137\000w\000e\000i\000g\000h\000t\000.\000h\000\040\000F\000i\000l\000e\000\040\000R\000e\000f\000e\000r\000e\000n\000c\000e}{chapter.5}
\BOOKMARK [2][-]{subsection.5.23.1}{\376\377\000D\000e\000f\000i\000n\000e\000\040\000D\000o\000c\000u\000m\000e\000n\000t\000a\000t\000i\000o\000n}{section.5.23}
\BOOKMARK [3][-]{subsubsection.5.23.1.1}{\376\377\000p\000i}{subsection.5.23.1}
\BOOKMARK [3][-]{subsubsection.5.23.1.2}{\376\377\000S\000Q\000R}{subsection.5.23.1}
\BOOKMARK [2][-]{subsection.5.23.2}{\376\377\000F\000u\000n\000c\000t\000i\000o\000n\000\040\000D\000o\000c\000u\000m\000e\000n\000t\000a\000t\000i\000o\000n}{section.5.23}
\BOOKMARK [3][-]{subsubsection.5.23.2.1}{\376\377\000w\000e\000i\000g\000h\000t\000\137\000g\000a\000u\000s\000s\000i\000a\000n\000\137\000p\000r\000e\000d\000i\000c\000t\000i\000v\000e\000\137\000r\000e\000v}{subsection.5.23.2}
\BOOKMARK [3][-]{subsubsection.5.23.2.2}{\376\377\000w\000e\000i\000g\000h\000t\000\137\000l\0002\000\137\000g\000a\000u\000s\000s}{subsection.5.23.2}
\BOOKMARK [3][-]{subsubsection.5.23.2.3}{\376\377\000w\000e\000i\000g\000h\000t\000\137\000l\0002\000\137\000r\000e\000v}{subsection.5.23.2}
\BOOKMARK [3][-]{subsubsection.5.23.2.4}{\376\377\000w\000e\000i\000g\000h\000t\000\137\000l\000o\000c}{subsection.5.23.2}
\BOOKMARK [3][-]{subsubsection.5.23.2.5}{\376\377\000w\000e\000i\000g\000h\000t\000\137\000s\000y\000m\000k\000l\000\137\000g\000a\000u\000s\000s}{subsection.5.23.2}
\BOOKMARK [3][-]{subsubsection.5.23.2.6}{\376\377\000w\000e\000i\000g\000h\000t\000\137\000u\000n\000s\000y\000m\000k\000l\000\137\000g\000a\000u\000s\000s}{subsection.5.23.2}
\BOOKMARK [1][-]{section.5.24}{\376\377\000/\000h\000o\000m\000e\000/\000k\000o\000o\000s\000y\000/\000k\000o\000o\000s\000y\000w\000o\000r\000k\000/\000p\000m\000o\000t\000\137\000r\000e\000a\000l\000t\000i\000m\000e\000/\000p\000m\000o\000t\000\137\000r\000e\000a\000l\000t\000i\000m\000e\000/\000s\000r\000c\000/\000t\000r\000a\000c\000k\000.\000h\000\040\000F\000i\000l\000e\000\040\000R\000e\000f\000e\000r\000e\000n\000c\000e}{chapter.5}
\BOOKMARK [1][-]{section.5.25}{\376\377\000/\000h\000o\000m\000e\000/\000k\000o\000o\000s\000y\000/\000k\000o\000o\000s\000y\000w\000o\000r\000k\000/\000p\000m\000o\000t\000\137\000r\000e\000a\000l\000t\000i\000m\000e\000/\000p\000m\000o\000t\000\137\000r\000e\000a\000l\000t\000i\000m\000e\000/\000s\000r\000c\000/\000t\000r\000a\000c\000k\000.\000h\000p\000p\000\040\000F\000i\000l\000e\000\040\000R\000e\000f\000e\000r\000e\000n\000c\000e}{chapter.5}
\BOOKMARK [1][-]{section.5.26}{\376\377\000/\000h\000o\000m\000e\000/\000k\000o\000o\000s\000y\000/\000k\000o\000o\000s\000y\000w\000o\000r\000k\000/\000p\000m\000o\000t\000\137\000r\000e\000a\000l\000t\000i\000m\000e\000/\000p\000m\000o\000t\000\137\000r\000e\000a\000l\000t\000i\000m\000e\000/\000s\000r\000c\000/\000t\000r\000a\000c\000k\000c\000o\000n\000t\000a\000i\000n\000e\000r\000.\000h\000\040\000F\000i\000l\000e\000\040\000R\000e\000f\000e\000r\000e\000n\000c\000e}{chapter.5}
\BOOKMARK [1][-]{section.5.27}{\376\377\000/\000h\000o\000m\000e\000/\000k\000o\000o\000s\000y\000/\000k\000o\000o\000s\000y\000w\000o\000r\000k\000/\000p\000m\000o\000t\000\137\000r\000e\000a\000l\000t\000i\000m\000e\000/\000p\000m\000o\000t\000\137\000r\000e\000a\000l\000t\000i\000m\000e\000/\000s\000r\000c\000/\000t\000r\000a\000c\000k\000c\000o\000n\000t\000a\000i\000n\000e\000r\000.\000h\000p\000p\000\040\000F\000i\000l\000e\000\040\000R\000e\000f\000e\000r\000e\000n\000c\000e}{chapter.5}
