This is pdfTeX, Version 3.1415926-1.40.10 (TeX Live 2009/Debian) (format=pdflatex 2014.12.4)  17 MAR 2015 09:17
entering extended mode
 %&-line parsing enabled.
**pmot_manual.tex
(./pmot_manual.tex
LaTeX2e <2009/09/24>
Babel <v3.8l> and hyphenation patterns for english, usenglishmax, dumylang, noh
yphenation, loaded.
(/usr/share/texmf-texlive/tex/latex/base/report.cls
Document Class: report 2007/10/19 v1.4h Standard LaTeX document class
(/usr/share/texmf-texlive/tex/latex/base/size12.clo
File: size12.clo 2007/10/19 v1.4h Standard LaTeX file (size option)
)
\c@part=\count79
\c@chapter=\count80
\c@section=\count81
\c@subsection=\count82
\c@subsubsection=\count83
\c@paragraph=\count84
\c@subparagraph=\count85
\c@figure=\count86
\c@table=\count87
\abovecaptionskip=\skip41
\belowcaptionskip=\skip42
\bibindent=\dimen102
)
(/usr/share/texmf-texlive/tex/latex/psfrag/psfrag.sty
Package: psfrag 1998/04/11 v3.04 PSfrag (MCG)

(/usr/share/texmf-texlive/tex/latex/graphics/graphics.sty
Package: graphics 2009/02/05 v1.0o Standard LaTeX Graphics (DPC,SPQR)

(/usr/share/texmf-texlive/tex/latex/graphics/trig.sty
Package: trig 1999/03/16 v1.09 sin cos tan (DPC)
)
(/etc/texmf/tex/latex/config/graphics.cfg
File: graphics.cfg 2009/08/28 v1.8 graphics configuration of TeX Live
)
Package graphics Info: Driver file: pdftex.def on input line 91.

(/usr/share/texmf-texlive/tex/latex/pdftex-def/pdftex.def
File: pdftex.def 2010/03/12 v0.04p Graphics/color for pdfTeX
\Gread@gobject=\count88
))
\pfg@pcount=\count89
\pfg@scount=\count90
\pfg@temp=\write3
)
(/usr/share/texmf-texlive/tex/latex/amsmath/amsbsy.sty
Package: amsbsy 1999/11/29 v1.2d

(/usr/share/texmf-texlive/tex/latex/amsmath/amsgen.sty
File: amsgen.sty 1999/11/30 v2.0
\@emptytoks=\toks14
\ex@=\dimen103
)
\pmbraise@=\dimen104
)
(/usr/share/texmf-texlive/tex/latex/float/float.sty
Package: float 2001/11/08 v1.3d Float enhancements (AL)
\c@float@type=\count91
\float@exts=\toks15
\float@box=\box26
\@float@everytoks=\toks16
\@floatcapt=\box27
)
(/usr/share/texmf-texlive/tex/latex/graphics/graphicx.sty
Package: graphicx 1999/02/16 v1.0f Enhanced LaTeX Graphics (DPC,SPQR)

(/usr/share/texmf-texlive/tex/latex/graphics/keyval.sty
Package: keyval 1999/03/16 v1.13 key=value parser (DPC)
\KV@toks@=\toks17
)
\Gin@req@height=\dimen105
\Gin@req@width=\dimen106
)
(/usr/share/texmf-texlive/tex/latex/graphics/color.sty
Package: color 2005/11/14 v1.0j Standard LaTeX Color (DPC)

(/etc/texmf/tex/latex/config/color.cfg
File: color.cfg 2007/01/18 v1.5 color configuration of teTeX/TeXLive
)
Package color Info: Driver file: pdftex.def on input line 130.
)
(/usr/share/texmf-texlive/tex/latex/base/inputenc.sty
Package: inputenc 2008/03/30 v1.1d Input encoding file
\inpenc@prehook=\toks18
\inpenc@posthook=\toks19

(/usr/share/texmf-texlive/tex/latex/base/latin1.def
File: latin1.def 2008/03/30 v1.1d Input encoding file
))
(/usr/share/texmf-texlive/tex/latex/tools/verbatim.sty
Package: verbatim 2003/08/22 v1.5q LaTeX2e package for verbatim enhancements
\every@verbatim=\toks20
\verbatim@line=\toks21
\verbatim@in@stream=\read1
)
(/usr/share/texmf-texlive/tex/latex/subfig/subfig.sty
Package: subfig 2005/06/28 ver: 1.3 subfig package

(/usr/share/texmf-texlive/tex/latex/caption/caption.sty
Package: caption 2009/10/09 v3.1k Customizing captions (AR)

(/usr/share/texmf-texlive/tex/latex/caption/caption3.sty
Package: caption3 2009/10/09 v3.1k caption3 kernel (AR)
\captionmargin=\dimen107
\captionmargin@=\dimen108
\captionwidth=\dimen109
\caption@indent=\dimen110
\caption@parindent=\dimen111
\caption@hangindent=\dimen112
)
\c@ContinuedFloat=\count92
Package caption Info: float package is loaded.
)
\c@KVtest=\count93
\sf@farskip=\skip43
\sf@captopadj=\dimen113
\sf@capskip=\skip44
\sf@nearskip=\skip45
\c@subfigure=\count94
\c@subfigure@save=\count95
\c@lofdepth=\count96
\c@subtable=\count97
\c@subtable@save=\count98
\c@lotdepth=\count99
\sf@top=\skip46
\sf@bottom=\skip47
)
(/usr/share/texmf-texlive/tex/latex/amsfonts/amssymb.sty
Package: amssymb 2009/06/22 v3.00

(/usr/share/texmf-texlive/tex/latex/amsfonts/amsfonts.sty
Package: amsfonts 2009/06/22 v3.00 Basic AMSFonts support
\symAMSa=\mathgroup4
\symAMSb=\mathgroup5
LaTeX Font Info:    Overwriting math alphabet `\mathfrak' in version `bold'
(Font)                  U/euf/m/n --> U/euf/b/n on input line 96.
))
(/usr/share/texmf-texlive/tex/latex/amsmath/amsmath.sty
Package: amsmath 2000/07/18 v2.13 AMS math features
\@mathmargin=\skip48

For additional information on amsmath, use the `?' option.
(/usr/share/texmf-texlive/tex/latex/amsmath/amstext.sty
Package: amstext 2000/06/29 v2.01
)
(/usr/share/texmf-texlive/tex/latex/amsmath/amsopn.sty
Package: amsopn 1999/12/14 v2.01 operator names
)
\inf@bad=\count100
LaTeX Info: Redefining \frac on input line 211.
\uproot@=\count101
\leftroot@=\count102
LaTeX Info: Redefining \overline on input line 307.
\classnum@=\count103
\DOTSCASE@=\count104
LaTeX Info: Redefining \ldots on input line 379.
LaTeX Info: Redefining \dots on input line 382.
LaTeX Info: Redefining \cdots on input line 467.
\Mathstrutbox@=\box28
\strutbox@=\box29
\big@size=\dimen114
LaTeX Font Info:    Redeclaring font encoding OML on input line 567.
LaTeX Font Info:    Redeclaring font encoding OMS on input line 568.
\macc@depth=\count105
\c@MaxMatrixCols=\count106
\dotsspace@=\muskip10
\c@parentequation=\count107
\dspbrk@lvl=\count108
\tag@help=\toks22
\row@=\count109
\column@=\count110
\maxfields@=\count111
\andhelp@=\toks23
\eqnshift@=\dimen115
\alignsep@=\dimen116
\tagshift@=\dimen117
\tagwidth@=\dimen118
\totwidth@=\dimen119
\lineht@=\dimen120
\@envbody=\toks24
\multlinegap=\skip49
\multlinetaggap=\skip50
\mathdisplay@stack=\toks25
LaTeX Info: Redefining \[ on input line 2666.
LaTeX Info: Redefining \] on input line 2667.
)
(/usr/share/texmf-texlive/tex/latex/verbatimbox/verbatimbox.sty
Package: verbatimbox 2007/03/16 v1.0
\savedverbbox=\box30
\boxtopsep=\dimen121
\boxbottomsep=\dimen122
\ps@tempdima=\dimen123
\ps@tempboxa=\box31
)
(/usr/share/texmf-texlive/tex/latex/moreverb/moreverb.sty
Package: moreverb 2008/06/03 v2.3 `more' verbatim facilities
\verbatim@out=\write4
\tab@position=\count112
\tab@size=\count113
\listing@line=\count114
)
(/usr/share/texmf-texlive/tex/latex/hyperref/hyperref.sty
Package: hyperref 2009/10/09 v6.79a Hypertext links for LaTeX

(/usr/share/texmf-texlive/tex/generic/oberdiek/ifpdf.sty
Package: ifpdf 2009/04/10 v2.0 Provides the ifpdf switch (HO)
Package ifpdf Info: pdfTeX in pdf mode detected.
)
(/usr/share/texmf-texlive/tex/generic/oberdiek/ifvtex.sty
Package: ifvtex 2008/11/04 v1.4 Switches for detecting VTeX and its modes (HO)
Package ifvtex Info: VTeX not detected.
)
(/usr/share/texmf-texlive/tex/generic/ifxetex/ifxetex.sty
Package: ifxetex 2009/01/23 v0.5 Provides ifxetex conditional
)
(/usr/share/texmf-texlive/tex/latex/oberdiek/hycolor.sty
Package: hycolor 2009/10/02 v1.5 Code for color options of hyperref/bookmark (H
O)

(/usr/share/texmf-texlive/tex/latex/oberdiek/xcolor-patch.sty
Package: xcolor-patch 2009/10/02 xcolor patch
))
\@linkdim=\dimen124
\Hy@linkcounter=\count115
\Hy@pagecounter=\count116

(/usr/share/texmf-texlive/tex/latex/hyperref/pd1enc.def
File: pd1enc.def 2009/10/09 v6.79a Hyperref: PDFDocEncoding definition (HO)
)
(/usr/share/texmf-texlive/tex/generic/oberdiek/etexcmds.sty
Package: etexcmds 2007/12/12 v1.2 Prefix for e-TeX command names (HO)

(/usr/share/texmf-texlive/tex/generic/oberdiek/infwarerr.sty
Package: infwarerr 2007/09/09 v1.2 Providing info/warning/message (HO)
)
Package etexcmds Info: Could not find \expanded.
(etexcmds)             That can mean that you are not using pdfTeX 1.50 or
(etexcmds)             that some package has redefined \expanded.
(etexcmds)             In the latter case, load this package earlier.
)
(/usr/share/texmf-texlive/tex/latex/latexconfig/hyperref.cfg
File: hyperref.cfg 2002/06/06 v1.2 hyperref configuration of TeXLive
)
(/usr/share/texmf-texlive/tex/latex/oberdiek/kvoptions.sty
Package: kvoptions 2009/08/13 v3.4 Keyval support for LaTeX options (HO)

(/usr/share/texmf-texlive/tex/generic/oberdiek/kvsetkeys.sty
Package: kvsetkeys 2009/07/30 v1.5 Key value parser with default handler suppor
t (HO)
))
Package hyperref Info: Hyper figures OFF on input line 2975.
Package hyperref Info: Link nesting OFF on input line 2980.
Package hyperref Info: Hyper index ON on input line 2983.
Package hyperref Info: Plain pages OFF on input line 2990.
Package hyperref Info: Backreferencing OFF on input line 2995.

Implicit mode ON; LaTeX internals redefined
Package hyperref Info: Bookmarks ON on input line 3191.
(/usr/share/texmf-texlive/tex/latex/ltxmisc/url.sty
\Urlmuskip=\muskip11
Package: url 2006/04/12  ver 3.3  Verb mode for urls, etc.
)
LaTeX Info: Redefining \url on input line 3428.

(/usr/share/texmf-texlive/tex/generic/oberdiek/bitset.sty
Package: bitset 2007/09/28 v1.0 Data type bit set (HO)

(/usr/share/texmf-texlive/tex/generic/oberdiek/intcalc.sty
Package: intcalc 2007/09/27 v1.1 Expandable integer calculations (HO)
)
(/usr/share/texmf-texlive/tex/generic/oberdiek/bigintcalc.sty
Package: bigintcalc 2007/11/11 v1.1 Expandable big integer calculations (HO)

(/usr/share/texmf-texlive/tex/generic/oberdiek/pdftexcmds.sty
Package: pdftexcmds 2009/09/23 v0.6 LuaTeX support for pdfTeX utility functions
 (HO)

(/usr/share/texmf-texlive/tex/generic/oberdiek/ifluatex.sty
Package: ifluatex 2009/04/17 v1.2 Provides the ifluatex switch (HO)
Package ifluatex Info: LuaTeX not detected.
)
(/usr/share/texmf-texlive/tex/generic/oberdiek/ltxcmds.sty
Package: ltxcmds 2009/08/05 v1.0 Some LaTeX kernel commands for general use (HO
)
)
Package pdftexcmds Info: LuaTeX not detected.
Package pdftexcmds Info: \pdf@primitive is available.
Package pdftexcmds Info: \pdf@ifprimitive is available.
)))
\Fld@menulength=\count117
\Field@Width=\dimen125
\Fld@charsize=\dimen126
\Field@toks=\toks26
Package hyperref Info: Hyper figures OFF on input line 4377.
Package hyperref Info: Link nesting OFF on input line 4382.
Package hyperref Info: Hyper index ON on input line 4385.
Package hyperref Info: backreferencing OFF on input line 4392.
Package hyperref Info: Link coloring OFF on input line 4397.
Package hyperref Info: Link coloring with OCG OFF on input line 4402.
Package hyperref Info: PDF/A mode OFF on input line 4407.

(/usr/share/texmf-texlive/tex/generic/oberdiek/atbegshi.sty
Package: atbegshi 2008/07/31 v1.9 At begin shipout hook (HO)
)
\Hy@abspage=\count118
\c@Item=\count119
\c@Hfootnote=\count120
)
*hyperref using default driver hpdftex*
(/usr/share/texmf-texlive/tex/latex/hyperref/hpdftex.def
File: hpdftex.def 2009/10/09 v6.79a Hyperref driver for pdfTeX
\Fld@listcount=\count121
)
Package hyperref Info: Option `colorlinks' set `true' on input line 18.

(/usr/share/texmf-texlive/tex/latex/fancyhdr/fancyhdr.sty
\fancy@headwidth=\skip51
\f@ncyO@elh=\skip52
\f@ncyO@erh=\skip53
\f@ncyO@olh=\skip54
\f@ncyO@orh=\skip55
\f@ncyO@elf=\skip56
\f@ncyO@erf=\skip57
\f@ncyO@olf=\skip58
\f@ncyO@orf=\skip59
) (./pmot_manual.aux

LaTeX Warning: Label `fig_second_case' multiply defined.


LaTeX Warning: Label `sub@fig_second_case' multiply defined.


LaTeX Warning: Label `fig_second_case' multiply defined.


LaTeX Warning: Label `sub@fig_second_case' multiply defined.


LaTeX Warning: Label `fig_first_case' multiply defined.


LaTeX Warning: Label `sub@fig_first_case' multiply defined.


LaTeX Warning: Label `fig_second_case' multiply defined.


LaTeX Warning: Label `sub@fig_second_case' multiply defined.

)
\openout1 = `pmot_manual.aux'.

LaTeX Font Info:    Checking defaults for OML/cmm/m/it on input line 60.
LaTeX Font Info:    ... okay on input line 60.
LaTeX Font Info:    Checking defaults for T1/cmr/m/n on input line 60.
LaTeX Font Info:    ... okay on input line 60.
LaTeX Font Info:    Checking defaults for OT1/cmr/m/n on input line 60.
LaTeX Font Info:    ... okay on input line 60.
LaTeX Font Info:    Checking defaults for OMS/cmsy/m/n on input line 60.
LaTeX Font Info:    ... okay on input line 60.
LaTeX Font Info:    Checking defaults for OMX/cmex/m/n on input line 60.
LaTeX Font Info:    ... okay on input line 60.
LaTeX Font Info:    Checking defaults for U/cmr/m/n on input line 60.
LaTeX Font Info:    ... okay on input line 60.
LaTeX Font Info:    Checking defaults for PD1/pdf/m/n on input line 60.
LaTeX Font Info:    ... okay on input line 60.
 (/usr/share/texmf-texlive/tex/context/base/supp-pdf.mkii
[Loading MPS to PDF converter (version 2006.09.02).]
\scratchcounter=\count122
\scratchdimen=\dimen127
\scratchbox=\box32
\nofMPsegments=\count123
\nofMParguments=\count124
\everyMPshowfont=\toks27
\MPscratchCnt=\count125
\MPscratchDim=\dimen128
\MPnumerator=\count126
\everyMPtoPDFconversion=\toks28
)
Package caption Info: Begin \AtBeginDocument code.
Package caption3 Info: subfig package 1.2 or 1.3 is loaded.
LaTeX Info: Redefining \subref on input line 60.
Package caption Info: hyperref package is loaded.
Package caption Info: End \AtBeginDocument code.
Package hyperref Info: Link coloring ON on input line 60.
 (/usr/share/texmf-texlive/tex/latex/hyperref/nameref.sty
Package: nameref 2007/05/29 v2.31 Cross-referencing by name of section

(/usr/share/texmf-texlive/tex/latex/oberdiek/refcount.sty
Package: refcount 2008/08/11 v3.1 Data extraction from references (HO)
)
\c@section@level=\count127
)
LaTeX Info: Redefining \ref on input line 60.
LaTeX Info: Redefining \pageref on input line 60.
 (./pmot_manual.out) (./pmot_manual.out)
\@outlinefile=\write5
\openout5 = `pmot_manual.out'.

\AtBeginShipoutBox=\box33
LaTeX Font Info:    Try loading font information for U+msa on input line 82.
 (/usr/share/texmf-texlive/tex/latex/amsfonts/umsa.fd
File: umsa.fd 2009/06/22 v3.00 AMS symbols A
)
LaTeX Font Info:    Try loading font information for U+msb on input line 82.

(/usr/share/texmf-texlive/tex/latex/amsfonts/umsb.fd
File: umsb.fd 2009/06/22 v3.00 AMS symbols B
)
LaTeX Font Info:    Try loading font information for OT1+phv on input line 88.

(/usr/share/texmf-texlive/tex/latex/psnfss/ot1phv.fd
File: ot1phv.fd 2001/06/04 scalable font definitions for OT1/phv.
)

LaTeX Font Warning: Font shape `OT1/phv/a/n' undefined
(Font)              using `OT1/phv/m/n' instead on input line 88.


Package Fancyhdr Warning: \headheight is too small (12.0pt): 
 Make it at least 14.49998pt.
 We now make it that large for the rest of the document.
 This may cause the page layout to be inconsistent, however.

[1
Non-PDF special ignored!{/var/lib/texmf/fonts/map/pdftex/updmap/pdftex.map}

]
[2

] (./pmot_manual.toc)
\tf@toc=\write6
\openout6 = `pmot_manual.toc'.

 [3] [4

]
Chapter 1.

Overfull \hbox (2.70633pt too wide) in paragraph at lines 98--98
[]\OT1/cmr/bx/n/17.28 Background: Point-cloud ob-ject seg-men-ta-tion
 []

[5] <fig/example_pcltracking.png, id=163, 408.02437pt x 262.73157pt>
File: fig/example_pcltracking.png Graphic file (type png)

<use fig/example_pcltracking.png>
Underfull \hbox (badness 2401) in paragraph at lines 105--105
[]\OT1/cmr/m/n/10 (a) |Model-based 3D ob-ject track-ing in
 []

<fig/example_gputracking.png, id=166, 407.5225pt x 301.125pt>
File: fig/example_gputracking.png Graphic file (type png)

<use fig/example_gputracking.png>
Underfull \hbox (badness 2237) in paragraph at lines 108--108
[]\OT1/cmr/m/n/10 (b) |Model-based 3D ob-ject track-ing in
 []

<fig/example_supervoxel.png, id=169, 357.335pt x 300.12125pt>
File: fig/example_supervoxel.png Graphic file (type png)

<use fig/example_supervoxel.png>
<fig/example_koo.png, id=172, 436.63126pt x 320.19624pt>
File: fig/example_koo.png Graphic file (type png)

<use fig/example_koo.png> [6 <./fig/example_pcltracking.png (PNG copy)> <./fig/
example_gputracking.png (PNG copy)> <./fig/example_supervoxel.png (PNG copy)> <
./fig/example_koo.png (PNG copy)>]
<fig/pmot_problem.png, id=208, 2222.0616pt x 441.3288pt>
File: fig/pmot_problem.png Graphic file (type png)

<use fig/pmot_problem.png>
Overfull \hbox (13.32434pt too wide) in paragraph at lines 133--133
[]\OT1/cmr/bx/n/17.28 Simultaneous mul-ti-ple ob-ject seg-men-ta-tion and
 []

[7 <./fig/pmot_problem.png>]
<fig/objectmodel.png, id=228, 280.04625pt x 183.68625pt>
File: fig/objectmodel.png Graphic file (type png)

<use fig/objectmodel.png> [8 <./fig/objectmodel.png (PNG copy)>]
<fig/smost_framework.png, id=245, 864.22874pt x 581.17125pt>
File: fig/smost_framework.png Graphic file (type png)

<use fig/smost_framework.png> [9 <./fig/smost_framework.png (PNG copy)>]
[10

]
Chapter 2.
LaTeX Font Info:    Try loading font information for OMS+cmr on input line 192.

(/usr/share/texmf-texlive/tex/latex/base/omscmr.fd
File: omscmr.fd 1999/05/25 v2.5h Standard LaTeX font definitions
)
LaTeX Font Info:    Font shape `OMS/cmr/m/n' in size <12> not available
(Font)              Font shape `OMS/cmsy/m/n' tried instead on input line 192.
 [11]

LaTeX Warning: Characters dropped after `\end{verbatim}' on input line 212.


LaTeX Warning: Characters dropped after `\end{verbatim}' on input line 239.

[12]

LaTeX Warning: Characters dropped after `\end{verbatim}' on input line 247.


LaTeX Warning: Characters dropped after `\end{verbatim}' on input line 264.


Overfull \hbox (50.90233pt too wide) in paragraph at lines 272--273
[]\OT1/cmr/m/n/12 Download lemon-1.3.1 source code here: http://lemon.cs.elte.h
u/trac/lemon/wiki/Downloads. 
 []


LaTeX Warning: Characters dropped after `\end{verbatim}' on input line 284.

[13]

LaTeX Warning: Characters dropped after `\end{verbatim}' on input line 300.

<fig/cmakewizard.png, id=291, 565.11125pt x 392.46625pt>
File: fig/cmakewizard.png Graphic file (type png)

<use fig/cmakewizard.png>
<fig/runcmake.png, id=292, 787.94376pt x 530.98375pt>
File: fig/runcmake.png Graphic file (type png)
 <use fig/runcmake.png>
[14] [15 <./fig/cmakewizard.png (PNG copy)> <./fig/runcmake.png (PNG copy)>]
<fig/cmakefinish.png, id=311, 788.9475pt x 534.99875pt>
File: fig/cmakefinish.png Graphic file (type png)

<use fig/cmakefinish.png>
<fig/leftpanel.png, id=313, 243.91125pt x 648.4225pt>
File: fig/leftpanel.png Graphic file (type png)
 <use fig/leftpanel.png>
[16 <./fig/cmakefinish.png (PNG copy)> <./fig/leftpanel.png (PNG copy)>]
Overfull \hbox (18.43387pt too wide) in paragraph at lines 442--444
[][] 
 []


Underfull \hbox (badness 10000) in paragraph at lines 442--444

 []


Underfull \vbox (badness 10000) has occurred while \output is active []

 [17]
[18]
Overfull \hbox (28.16237pt too wide) in paragraph at lines 502--503
\OT1/cmr/m/n/12 are []\OT1/cmtt/m/n/12 csgpu.cu \OT1/cmr/m/n/12 and []\OT1/cmtt
/m/n/12 csgpu.h\OT1/cmr/m/n/12 . As a re-sult of this set-ting, a new li-brary 
file ([]\OT1/cmtt/m/n/12 libcsgpulib.so\OT1/cmr/m/n/12 )
 []

[19]
Overfull \hbox (23.98389pt too wide) in paragraph at lines 539--539
[]  \OT1/cmtt/m/n/12 SET_TARGET_PROPERTIES(pmot PROPERTIES LINK_FLAGS -L${PCL_L
IBRARY_DIRS})[] 
 []

[20] [21] [22]
Chapter 3.
<fig/camcalib.png, id=354, 643.40375pt x 488.82625pt>
File: fig/camcalib.png Graphic file (type png)
 <use fig/camcalib.png>
[23

 <./fig/camcalib.png (PNG copy)>]
<fig/checker.png, id=361, 240.9pt x 240.9pt>
File: fig/checker.png Graphic file (type png)
 <use fig/checker.png> [24 <./fig/checker.png>] <fig/camcalib_gui1.png, id=369,
 463.7325pt x 220.825pt>
File: fig/camcalib_gui1.png Graphic file (type png)

<use fig/camcalib_gui1.png>
<fig/camcalib_gui2.png, id=370, 1264.725pt x 813.0375pt>
File: fig/camcalib_gui2.png Graphic file (type png)

<use fig/camcalib_gui2.png> [25 <./fig/camcalib_gui1.png (PNG copy)>]
<fig/camcalib_gui3.png, id=379, 690.58pt x 575.14874pt>
File: fig/camcalib_gui3.png Graphic file (type png)

<use fig/camcalib_gui3.png> [26 <./fig/camcalib_gui2.png (PNG copy)>]
<fig/camcalib_gui4.png, id=389, 1463.4675pt x 574.145pt>
File: fig/camcalib_gui4.png Graphic file (type png)

<use fig/camcalib_gui4.png>
<fig/camcalib_gui5.png, id=390, 1457.445pt x 574.145pt>
File: fig/camcalib_gui5.png Graphic file (type png)

<use fig/camcalib_gui5.png>
Underfull \vbox (badness 4303) has occurred while \output is active []

 [27 <./fig/camcalib_gui3.png (PNG copy)> <./fig/camcalib_gui4.png (PNG copy)> 
<./fig/camcalib_gui5.png (PNG copy)>]
Overfull \hbox (36.3339pt too wide) in paragraph at lines 732--732
[]  \OT1/cmtt/m/n/12 /dhri/multipleObjectTracking/sub/topic: '/camera/depth_reg
istered/points' 
 []


Overfull \hbox (23.98389pt too wide) in paragraph at lines 734--734
[]  \OT1/cmtt/m/n/12 /dhri/multipleObjectTracking/pub/points/trackID: '/dhri/po
ints/trackID'[] 
 []


Overfull \hbox (36.3339pt too wide) in paragraph at lines 735--735
[]  \OT1/cmtt/m/n/12 /dhri/multipleObjectTracking/pub/points/filtered: '/dhri/p
oints/filtered'[] 
 []


Overfull \hbox (48.6839pt too wide) in paragraph at lines 736--736
[]  \OT1/cmtt/m/n/12 /dhri/multipleObjectTracking/pub/points/segmented: '/dhri/
points/segmented'[] 
 []


Overfull \hbox (36.3339pt too wide) in paragraph at lines 737--737
[]  \OT1/cmtt/m/n/12 /dhri/multipleObjectTracking/pub/markers/trackID: '/dhri/m
arkers/trackID'[] 
 []


Overfull \hbox (61.0339pt too wide) in paragraph at lines 738--738
[]  \OT1/cmtt/m/n/12 /dhri/multipleObjectTracking/pub/markers/gaussians: '/dhri
/markers/gaussians'[] 
 []

[28]

pdfTeX warning: /usr/bin/pdflatex (file ./fig/2dgrid.pdf): PDF inclusion: found
 PDF version <1.5>, but at most version <1.4> allowed
<fig/2dgrid.pdf, id=410, 1568.8262pt x 792.44972pt>
File: fig/2dgrid.pdf Graphic file (type pdf)
 <use fig/2dgrid.pdf>
[29 <./fig/2dgrid.pdf>] <fig/pmot_raw.png, id=420, 1009.7725pt x 667.49374pt>
File: fig/pmot_raw.png Graphic file (type png)

<use fig/pmot_raw.png>
<fig/pmot_filtered.png, id=421, 1007.765pt x 672.5125pt>
File: fig/pmot_filtered.png Graphic file (type png)

<use fig/pmot_filtered.png> [30 <./fig/pmot_raw.png (PNG copy)> <./fig/pmot_fil
tered.png (PNG copy)>]
Overfull \hbox (36.3339pt too wide) in paragraph at lines 818--818
[]  \OT1/cmtt/m/n/12 /dhri/multipleObjectTracking/pub/points/filtered: '/dhri/p
oints/filtered' 
 []

<fig/pmot_segmented_separated.png, id=434, 1006.76125pt x 668.4975pt>
File: fig/pmot_segmented_separated.png Graphic file (type png)

<use fig/pmot_segmented_separated.png>
<fig/pmot_segmented_merged.png, id=435, 1007.765pt x 668.4975pt>
File: fig/pmot_segmented_merged.png Graphic file (type png)

<use fig/pmot_segmented_merged.png> [31 <./fig/pmot_segmented_separated.png (PN
G copy)> <./fig/pmot_segmented_merged.png (PNG copy)>]
Overfull \hbox (48.6839pt too wide) in paragraph at lines 852--852
[]  \OT1/cmtt/m/n/12 /dhri/multipleObjectTracking/pub/points/segmented: '/dhri/
points/segmented' 
 []


Overfull \hbox (23.98389pt too wide) in paragraph at lines 860--860
[]  \OT1/cmtt/m/n/12 /dhri/multipleObjectTracking/pub/points/trackID: '/dhri/po
ints/trackID' 
 []

<fig/pmot_track_separated.png, id=447, 1007.765pt x 672.5125pt>
File: fig/pmot_track_separated.png Graphic file (type png)

<use fig/pmot_track_separated.png>
<fig/pmot_track_merged.png, id=448, 1004.75375pt x 670.505pt>
File: fig/pmot_track_merged.png Graphic file (type png)

<use fig/pmot_track_merged.png> [32 <./fig/pmot_track_separated.png (PNG copy)>
 <./fig/pmot_track_merged.png (PNG copy)>] (./pmot_manual.lof)
\tf@lof=\write7
\openout7 = `pmot_manual.lof'.

 [33


] [34

]
(./pmot_manual.bbl [35

]) [36] (./pmot_manual.aux)

LaTeX Font Warning: Some font shapes were not available, defaults substituted.


LaTeX Warning: There were multiply-defined labels.

 ) 
Here is how much of TeX's memory you used:
 6906 strings out of 495061
 101543 string characters out of 1182621
 177965 words of memory out of 3000000
 9785 multiletter control sequences out of 15000+50000
 16233 words of font info for 57 fonts, out of 3000000 for 9000
 28 hyphenation exceptions out of 8191
 44i,12n,48p,1169b,440s stack positions out of 5000i,500n,10000p,200000b,50000s
pdfTeX warning (dest): name{https://developer.nvidia.com/cuda-downloads} has 
been referenced but does not exist, replaced by a fixed one

{/usr/share/texmf-texlive/fonts/enc/dvips/base/8r.enc}</usr/share/texmf-texlive
/fonts/type1/public/amsfonts/cm/cmbx12.pfb></usr/share/texmf-texlive/fonts/type
1/public/amsfonts/cm/cmcsc10.pfb></usr/share/texmf-texlive/fonts/type1/public/a
msfonts/cm/cmmi12.pfb></usr/share/texmf-texlive/fonts/type1/public/amsfonts/cm/
cmmi6.pfb></usr/share/texmf-texlive/fonts/type1/public/amsfonts/cm/cmmi8.pfb></
usr/share/texmf-texlive/fonts/type1/public/amsfonts/cm/cmr10.pfb></usr/share/te
xmf-texlive/fonts/type1/public/amsfonts/cm/cmr12.pfb></usr/share/texmf-texlive/
fonts/type1/public/amsfonts/cm/cmr7.pfb></usr/share/texmf-texlive/fonts/type1/p
ublic/amsfonts/cm/cmr8.pfb></usr/share/texmf-texlive/fonts/type1/public/amsfont
s/cm/cmsy10.pfb></usr/share/texmf-texlive/fonts/type1/public/amsfonts/cm/cmsy8.
pfb></usr/share/texmf-texlive/fonts/type1/public/amsfonts/cm/cmti12.pfb></usr/s
hare/texmf-texlive/fonts/type1/public/amsfonts/cm/cmtt12.pfb></usr/share/texmf-
texlive/fonts/type1/public/amsfonts/symbols/msbm10.pfb></usr/share/texmf-texliv
e/fonts/type1/urw/helvetic/uhvr8a.pfb>
Output written on pmot_manual.pdf (36 pages, 6367713 bytes).
PDF statistics:
 569 PDF objects out of 1000 (max. 8388607)
 138 named destinations out of 1000 (max. 500000)
 318 words of extra memory for PDF output out of 10000 (max. 10000000)

