\BOOKMARK [0][-]{chapter.1}{Introduction}{}
\BOOKMARK [1][-]{section.1.1}{Background: Point-cloud object segmentation and tracking}{chapter.1}
\BOOKMARK [1][-]{section.1.2}{Simultaneous multiple object segmentation and tracking \(SMOST\)}{chapter.1}
\BOOKMARK [0][-]{chapter.2}{Installation}{}
\BOOKMARK [1][-]{section.2.1}{System requirements}{chapter.2}
\BOOKMARK [1][-]{section.2.2}{Dependent libraries}{chapter.2}
\BOOKMARK [2][-]{subsection.2.2.1}{Robot Operating System \(ROS\)}{section.2.2}
\BOOKMARK [2][-]{subsection.2.2.2}{CUDA}{section.2.2}
\BOOKMARK [2][-]{subsection.2.2.3}{Point cloud library \(PCL\)}{section.2.2}
\BOOKMARK [2][-]{subsection.2.2.4}{Qt4}{section.2.2}
\BOOKMARK [2][-]{subsection.2.2.5}{VXL}{section.2.2}
\BOOKMARK [2][-]{subsection.2.2.6}{Lemon}{section.2.2}
\BOOKMARK [1][-]{section.2.3}{Compiling and building PMOT}{chapter.2}
\BOOKMARK [2][-]{subsection.2.3.1}{PMOT}{section.2.3}
\BOOKMARK [2][-]{subsection.2.3.2}{Camera calibration \(camcalib\)}{section.2.3}
\BOOKMARK [0][-]{chapter.3}{Program Execution}{}
\BOOKMARK [1][-]{section.3.1}{Camera calibration \(camcalib\)}{chapter.3}
\BOOKMARK [2][-]{subsection.3.1.1}{Setting parameters}{section.3.1}
\BOOKMARK [2][-]{subsection.3.1.2}{Execution}{section.3.1}
\BOOKMARK [1][-]{section.3.2}{PMOT}{chapter.3}
\BOOKMARK [2][-]{subsection.3.2.1}{Setting parameters}{section.3.2}
\BOOKMARK [2][-]{subsection.3.2.2}{Execution}{section.3.2}
\BOOKMARK [0][-]{figure.caption.22}{List of Figures}{}
\BOOKMARK [0][-]{chapter*.23}{Bibliography}{}
